<!DOCTYPE html>

<html>
  <head>
  <meta charset='utf-8'>
  <title>TestNG reports</title>

    <link type="text/css" href="testng-reports1.css" rel="stylesheet" id="ultra" />
    <link type="text/css" href="testng-reports.css" rel="stylesheet" id="retro" disabled="false"/>
    <script type="text/javascript" src="jquery-3.6.0.min.js"></script>
    <script type="text/javascript" src="testng-reports.js"></script>
    <script type="text/javascript" src="https://www.google.com/jsapi"></script>
    <script type='text/javascript'>
      google.load('visualization', '1', {packages:['table']});
      google.setOnLoadCallback(drawTable);
      var suiteTableInitFunctions = new Array();
      var suiteTableData = new Array();
    </script>
    <!--
      <script type="text/javascript" src="jquery-ui/js/jquery-ui-1.8.16.custom.min.js"></script>
     -->
  </head>

  <body>    <div class="top-banner-root">
      <span class="top-banner-title-font">Test results</span>
      <button id="button" class="button">Switch Retro Theme</button> <!-- button -->
      <br/>
      <span class="top-banner-font-1">1 suite, 9 failed tests</span>
    </div> <!-- top-banner-root -->
    <div class="navigator-root">
      <div class="navigator-suite-header">
        <span>All suites</span>
        <a href="#" title="Collapse/expand all the suites" class="collapse-all-link">
          <img src="collapseall.gif" class="collapse-all-icon">
          </img> <!-- collapse-all-icon -->
        </a> <!-- collapse-all-link -->
      </div> <!-- navigator-suite-header -->
      <div class="suite">
        <div class="rounded-window">
          <div class="suite-header light-rounded-window-top">
            <a href="#" panel-name="suite-EHR_LoGIN" class="navigator-link">
              <span class="suite-name border-failed">EHR LoGIN</span>
            </a> <!-- navigator-link -->
          </div> <!-- suite-header light-rounded-window-top -->
          <div class="navigator-suite-content">
            <div class="suite-section-title">
              <span>Info</span>
            </div> <!-- suite-section-title -->
            <div class="suite-section-content">
              <ul>
                <li>
                  <a href="#" panel-name="test-xml-EHR_LoGIN" class="navigator-link ">
                    <span>C:\Users\Kavanant\Automation testing\EHR\resources\EHR.xml</span>
                  </a> <!-- navigator-link  -->
                </li>
                <li>
                  <a href="#" panel-name="testlist-EHR_LoGIN" class="navigator-link ">
                    <span class="test-stats">5 tests</span>
                  </a> <!-- navigator-link  -->
                </li>
                <li>
                  <a href="#" panel-name="group-EHR_LoGIN" class="navigator-link ">
                    <span>0 groups</span>
                  </a> <!-- navigator-link  -->
                </li>
                <li>
                  <a href="#" panel-name="times-EHR_LoGIN" class="navigator-link ">
                    <span>Times</span>
                  </a> <!-- navigator-link  -->
                </li>
                <li>
                  <a href="#" panel-name="reporter-EHR_LoGIN" class="navigator-link ">
                    <span>Reporter output</span>
                  </a> <!-- navigator-link  -->
                </li>
                <li>
                  <a href="#" panel-name="ignored-methods-EHR_LoGIN" class="navigator-link ">
                    <span>Ignored methods</span>
                  </a> <!-- navigator-link  -->
                </li>
                <li>
                  <a href="#" panel-name="chronological-EHR_LoGIN" class="navigator-link ">
                    <span>Chronological view</span>
                  </a> <!-- navigator-link  -->
                </li>
              </ul>
            </div> <!-- suite-section-content -->
            <div class="result-section">
              <div class="suite-section-title">
                <span>Results</span>
              </div> <!-- suite-section-title -->
              <div class="suite-section-content">
                <ul>
                  <li>
                    <span class="method-stats">16 methods, 9 failed,   7 passed</span>
                  </li>
                  <li>
                    <span class="method-list-title failed">Failed methods</span>
                    <span class="show-or-hide-methods failed">
                      <a href="#" panel-name="suite-EHR_LoGIN" class="hide-methods failed suite-EHR_LoGIN"> (hide)</a> <!-- hide-methods failed suite-EHR_LoGIN -->
                      <a href="#" panel-name="suite-EHR_LoGIN" class="show-methods failed suite-EHR_LoGIN"> (show)</a> <!-- show-methods failed suite-EHR_LoGIN -->
                    </span>
                    <div class="method-list-content failed suite-EHR_LoGIN">
                      <span>
                        <img src="failed.png" width="3%"/>
                        <a href="#" panel-name="suite-EHR_LoGIN" title="com.practice.ehr.create.PN.CreateProgressNote" class="method navigator-link" hash-for-method="afterPNcontinue">afterPNcontinue</a> <!-- method navigator-link -->
                      </span>
                      <br/>
                      <span>
                        <img src="failed.png" width="3%"/>
                        <a href="#" panel-name="suite-EHR_LoGIN" title="com.practice.ehr.create.newappointment.FromHomePageCreateNewAppointment" class="method navigator-link" hash-for-method="assortionschk">assortionschk</a> <!-- method navigator-link -->
                      </span>
                      <br/>
                      <span>
                        <img src="failed.png" width="3%"/>
                        <a href="#" panel-name="suite-EHR_LoGIN" title="com.practice.ehr.create.newappointment.FromHomePageCreateNewAppointment" class="method navigator-link" hash-for-method="createAppFromHomePg">createAppFromHomePg</a> <!-- method navigator-link -->
                      </span>
                      <br/>
                      <span>
                        <img src="failed.png" width="3%"/>
                        <a href="#" panel-name="suite-EHR_LoGIN" title="com.practice.ehr.create.PN.CreateProgressNote" class="method navigator-link" hash-for-method="createPN">createPN</a> <!-- method navigator-link -->
                      </span>
                      <br/>
                      <span>
                        <img src="failed.png" width="3%"/>
                        <a href="#" panel-name="suite-EHR_LoGIN" title="com.practice.ehr.create.patient.CreatePatient" class="method navigator-link" hash-for-method="createPatient">createPatient</a> <!-- method navigator-link -->
                      </span>
                      <br/>
                      <span>
                        <img src="failed.png" width="3%"/>
                        <a href="#" panel-name="suite-EHR_LoGIN" title="com.practice.ehr.EHR.Login" class="method navigator-link" hash-for-method="enterUserDetails(ab, Cips@1234)">enterUserDetails(ab, Cips@1234)</a> <!-- method navigator-link -->
                      </span>
                      <br/>
                      <span>
                        <img src="failed.png" width="3%"/>
                        <a href="#" panel-name="suite-EHR_LoGIN" title="com.practice.ehr.create.PN.CreateProgressNote" class="method navigator-link" hash-for-method="enterUserDetails(ab, Cips@1234)">enterUserDetails(ab, Cips@1234)</a> <!-- method navigator-link -->
                      </span>
                      <br/>
                      <span>
                        <img src="failed.png" width="3%"/>
                        <a href="#" panel-name="suite-EHR_LoGIN" title="com.practice.ehr.create.newappointment.FromHomePageCreateNewAppointment" class="method navigator-link" hash-for-method="enterUserDetails(ab, Cips@1234)">enterUserDetails(ab, Cips@1234)</a> <!-- method navigator-link -->
                      </span>
                      <br/>
                      <span>
                        <img src="failed.png" width="3%"/>
                        <a href="#" panel-name="suite-EHR_LoGIN" title="com.practice.ehr.create.patient.CreatePatient" class="method navigator-link" hash-for-method="enterUserDetails(ab, Cips@1234)">enterUserDetails(ab, Cips@1234)</a> <!-- method navigator-link -->
                      </span>
                      <br/>
                    </div> <!-- method-list-content failed suite-EHR_LoGIN -->
                  </li>
                  <li>
                    <span class="method-list-title passed">Passed methods</span>
                    <span class="show-or-hide-methods passed">
                      <a href="#" panel-name="suite-EHR_LoGIN" class="hide-methods passed suite-EHR_LoGIN"> (hide)</a> <!-- hide-methods passed suite-EHR_LoGIN -->
                      <a href="#" panel-name="suite-EHR_LoGIN" class="show-methods passed suite-EHR_LoGIN"> (show)</a> <!-- show-methods passed suite-EHR_LoGIN -->
                    </span>
                    <div class="method-list-content passed suite-EHR_LoGIN">
                      <span>
                        <img src="passed.png" width="3%"/>
                        <a href="#" panel-name="suite-EHR_LoGIN" title="com.practice.ehr.patient.search.add.vitals.PatientSearchAndVitalsAdd" class="method navigator-link" hash-for-method="PatientSearch">PatientSearch</a> <!-- method navigator-link -->
                      </span>
                      <br/>
                      <span>
                        <img src="passed.png" width="3%"/>
                        <a href="#" panel-name="suite-EHR_LoGIN" title="com.practice.ehr.patient.search.add.vitals.PatientSearchAndVitalsAdd" class="method navigator-link" hash-for-method="enterUserDetails(ab, Cips@1234)">enterUserDetails(ab, Cips@1234)</a> <!-- method navigator-link -->
                      </span>
                      <br/>
                      <span>
                        <img src="passed.png" width="3%"/>
                        <a href="#" panel-name="suite-EHR_LoGIN" title="com.practice.ehr.EHR.Login" class="method navigator-link" hash-for-method="lunchApp(https://dv.cinch-project.com/#/login)">lunchApp(https://dv.cinch-project.com/#/login)</a> <!-- method navigator-link -->
                      </span>
                      <br/>
                      <span>
                        <img src="passed.png" width="3%"/>
                        <a href="#" panel-name="suite-EHR_LoGIN" title="com.practice.ehr.create.PN.CreateProgressNote" class="method navigator-link" hash-for-method="lunchApp(https://dv.cinch-project.com/#/login)">lunchApp(https://dv.cinch-project.com/#/login)</a> <!-- method navigator-link -->
                      </span>
                      <br/>
                      <span>
                        <img src="passed.png" width="3%"/>
                        <a href="#" panel-name="suite-EHR_LoGIN" title="com.practice.ehr.create.newappointment.FromHomePageCreateNewAppointment" class="method navigator-link" hash-for-method="lunchApp(https://dv.cinch-project.com/#/login)">lunchApp(https://dv.cinch-project.com/#/login)</a> <!-- method navigator-link -->
                      </span>
                      <br/>
                      <span>
                        <img src="passed.png" width="3%"/>
                        <a href="#" panel-name="suite-EHR_LoGIN" title="com.practice.ehr.create.patient.CreatePatient" class="method navigator-link" hash-for-method="lunchApp(https://dv.cinch-project.com/#/login)">lunchApp(https://dv.cinch-project.com/#/login)</a> <!-- method navigator-link -->
                      </span>
                      <br/>
                      <span>
                        <img src="passed.png" width="3%"/>
                        <a href="#" panel-name="suite-EHR_LoGIN" title="com.practice.ehr.patient.search.add.vitals.PatientSearchAndVitalsAdd" class="method navigator-link" hash-for-method="lunchApp(https://dv.cinch-project.com/#/login)">lunchApp(https://dv.cinch-project.com/#/login)</a> <!-- method navigator-link -->
                      </span>
                      <br/>
                    </div> <!-- method-list-content passed suite-EHR_LoGIN -->
                  </li>
                </ul>
              </div> <!-- suite-section-content -->
            </div> <!-- result-section -->
          </div> <!-- navigator-suite-content -->
        </div> <!-- rounded-window -->
      </div> <!-- suite -->
    </div> <!-- navigator-root -->
    <div class="wrapper">
      <div class="main-panel-root">
        <div panel-name="suite-EHR_LoGIN" class="panel EHR_LoGIN">
          <div class="suite-EHR_LoGIN-class-failed">
            <div class="main-panel-header rounded-window-top">
              <img src="failed.png"/>
              <span class="class-name">com.practice.ehr.create.newappointment.FromHomePageCreateNewAppointment</span>
            </div> <!-- main-panel-header rounded-window-top -->
            <div class="main-panel-content rounded-window-bottom">
              <div class="method">
                <div class="method-content">
                  <a name="assortionschk">
                  </a> <!-- assortionschk -->
                  <span class="method-name">assortionschk</span>
                  <div class="stack-trace">org.openqa.selenium.NoSuchElementException: no such element: Unable to locate element: {&quot;method&quot;:&quot;css selector&quot;,&quot;selector&quot;:&quot;*[name=&apos;searchString&apos;]&quot;}
  (Session info: chrome=124.0.6367.78)
For documentation on this error, please visit: https://www.selenium.dev/documentation/webdriver/troubleshooting/errors#no-such-element-exception
Build info: version: &apos;4.19.1&apos;, revision: &apos;abe0ee07dc&apos;
System info: os.name: &apos;Windows 11&apos;, os.arch: &apos;amd64&apos;, os.version: &apos;10.0&apos;, java.version: &apos;17.0.10&apos;
Driver info: org.openqa.selenium.chrome.ChromeDriver
Command: [42ccfd8c1b58179dd0a23e62c27a3987, findElement {value=searchString, using=name}]
Capabilities {acceptInsecureCerts: false, browserName: chrome, browserVersion: 124.0.6367.78, chrome: {chromedriverVersion: 124.0.6367.78 (a087f2dd364d..., userDataDir: C:\Users\Kavanant\AppData\L...}, fedcm:accounts: true, goog:chromeOptions: {debuggerAddress: localhost:62802}, networkConnectionEnabled: false, pageLoadStrategy: normal, platformName: windows, proxy: Proxy(), se:cdp: ws://localhost:62802/devtoo..., se:cdpVersion: 124.0.6367.78, setWindowRect: true, strictFileInteractability: false, timeouts: {implicit: 0, pageLoad: 300000, script: 30000}, unhandledPromptBehavior: dismiss and notify, webauthn:extension:credBlob: true, webauthn:extension:largeBlob: true, webauthn:extension:minPinLength: true, webauthn:extension:prf: true, webauthn:virtualAuthenticators: true}
Session ID: 42ccfd8c1b58179dd0a23e62c27a3987
	at org.openqa.selenium.remote.ErrorCodec.decode(ErrorCodec.java:167)
	at org.openqa.selenium.remote.codec.w3c.W3CHttpResponseCodec.decode(W3CHttpResponseCodec.java:138)
	at org.openqa.selenium.remote.codec.w3c.W3CHttpResponseCodec.decode(W3CHttpResponseCodec.java:50)
	at org.openqa.selenium.remote.HttpCommandExecutor.execute(HttpCommandExecutor.java:190)
	at org.openqa.selenium.remote.service.DriverCommandExecutor.invokeExecute(DriverCommandExecutor.java:216)
	at org.openqa.selenium.remote.service.DriverCommandExecutor.execute(DriverCommandExecutor.java:174)
	at org.openqa.selenium.remote.RemoteWebDriver.execute(RemoteWebDriver.java:518)
	at org.openqa.selenium.remote.ElementLocation$ElementFinder$2.findElement(ElementLocation.java:165)
	at org.openqa.selenium.remote.ElementLocation.findElement(ElementLocation.java:66)
	at org.openqa.selenium.remote.RemoteWebDriver.findElement(RemoteWebDriver.java:355)
	at org.openqa.selenium.remote.RemoteWebDriver.findElement(RemoteWebDriver.java:349)
	at com.practice.ehr.create.newappointment.FromHomePageCreateNewAppointment.assortionschk(FromHomePageCreateNewAppointment.java:52)
	at java.base/java.util.ArrayList.forEach(ArrayList.java:1511)
... Removed 32 stack frames
</div> <!-- stack-trace -->
                </div> <!-- method-content -->
              </div> <!-- method -->
              <div class="method">
                <div class="method-content">
                  <a name="createAppFromHomePg">
                  </a> <!-- createAppFromHomePg -->
                  <span class="method-name">createAppFromHomePg</span>
                  <div class="stack-trace">org.openqa.selenium.NoSuchElementException: no such element: Unable to locate element: {&quot;method&quot;:&quot;xpath&quot;,&quot;selector&quot;:&quot;//i[@title=&apos;Full Schedule&apos;]&quot;}
  (Session info: chrome=124.0.6367.78)
For documentation on this error, please visit: https://www.selenium.dev/documentation/webdriver/troubleshooting/errors#no-such-element-exception
Build info: version: &apos;4.19.1&apos;, revision: &apos;abe0ee07dc&apos;
System info: os.name: &apos;Windows 11&apos;, os.arch: &apos;amd64&apos;, os.version: &apos;10.0&apos;, java.version: &apos;17.0.10&apos;
Driver info: org.openqa.selenium.chrome.ChromeDriver
Command: [42ccfd8c1b58179dd0a23e62c27a3987, findElement {value=//i[@title=&apos;Full Schedule&apos;], using=xpath}]
Capabilities {acceptInsecureCerts: false, browserName: chrome, browserVersion: 124.0.6367.78, chrome: {chromedriverVersion: 124.0.6367.78 (a087f2dd364d..., userDataDir: C:\Users\Kavanant\AppData\L...}, fedcm:accounts: true, goog:chromeOptions: {debuggerAddress: localhost:62802}, networkConnectionEnabled: false, pageLoadStrategy: normal, platformName: windows, proxy: Proxy(), se:cdp: ws://localhost:62802/devtoo..., se:cdpVersion: 124.0.6367.78, setWindowRect: true, strictFileInteractability: false, timeouts: {implicit: 0, pageLoad: 300000, script: 30000}, unhandledPromptBehavior: dismiss and notify, webauthn:extension:credBlob: true, webauthn:extension:largeBlob: true, webauthn:extension:minPinLength: true, webauthn:extension:prf: true, webauthn:virtualAuthenticators: true}
Session ID: 42ccfd8c1b58179dd0a23e62c27a3987
	at org.openqa.selenium.remote.ErrorCodec.decode(ErrorCodec.java:167)
	at org.openqa.selenium.remote.codec.w3c.W3CHttpResponseCodec.decode(W3CHttpResponseCodec.java:138)
	at org.openqa.selenium.remote.codec.w3c.W3CHttpResponseCodec.decode(W3CHttpResponseCodec.java:50)
	at org.openqa.selenium.remote.HttpCommandExecutor.execute(HttpCommandExecutor.java:190)
	at org.openqa.selenium.remote.service.DriverCommandExecutor.invokeExecute(DriverCommandExecutor.java:216)
	at org.openqa.selenium.remote.service.DriverCommandExecutor.execute(DriverCommandExecutor.java:174)
	at org.openqa.selenium.remote.RemoteWebDriver.execute(RemoteWebDriver.java:518)
	at org.openqa.selenium.remote.ElementLocation$ElementFinder$2.findElement(ElementLocation.java:165)
	at org.openqa.selenium.remote.ElementLocation.findElement(ElementLocation.java:59)
	at org.openqa.selenium.remote.RemoteWebDriver.findElement(RemoteWebDriver.java:355)
	at org.openqa.selenium.remote.RemoteWebDriver.findElement(RemoteWebDriver.java:349)
	at com.practice.ehr.create.newappointment.FromHomePageCreateNewAppointment.createAppFromHomePg(FromHomePageCreateNewAppointment.java:25)
	at java.base/java.util.ArrayList.forEach(ArrayList.java:1511)
... Removed 32 stack frames
</div> <!-- stack-trace -->
                </div> <!-- method-content -->
              </div> <!-- method -->
              <div class="method">
                <div class="method-content">
                  <a name="enterUserDetails(ab, Cips@1234)">
                  </a> <!-- enterUserDetails(ab, Cips@1234) -->
                  <span class="method-name">enterUserDetails</span>
                  <span class="parameters">(ab,Cips@1234)</span>
                  <div class="stack-trace">org.openqa.selenium.NoSuchElementException: no such element: Unable to locate element: {&quot;method&quot;:&quot;css selector&quot;,&quot;selector&quot;:&quot;#FormEmail&quot;}
  (Session info: chrome=124.0.6367.78)
For documentation on this error, please visit: https://www.selenium.dev/documentation/webdriver/troubleshooting/errors#no-such-element-exception
Build info: version: &apos;4.19.1&apos;, revision: &apos;abe0ee07dc&apos;
System info: os.name: &apos;Windows 11&apos;, os.arch: &apos;amd64&apos;, os.version: &apos;10.0&apos;, java.version: &apos;17.0.10&apos;
Driver info: org.openqa.selenium.chrome.ChromeDriver
Command: [42ccfd8c1b58179dd0a23e62c27a3987, findElement {value=FormEmail, using=id}]
Capabilities {acceptInsecureCerts: false, browserName: chrome, browserVersion: 124.0.6367.78, chrome: {chromedriverVersion: 124.0.6367.78 (a087f2dd364d..., userDataDir: C:\Users\Kavanant\AppData\L...}, fedcm:accounts: true, goog:chromeOptions: {debuggerAddress: localhost:62802}, networkConnectionEnabled: false, pageLoadStrategy: normal, platformName: windows, proxy: Proxy(), se:cdp: ws://localhost:62802/devtoo..., se:cdpVersion: 124.0.6367.78, setWindowRect: true, strictFileInteractability: false, timeouts: {implicit: 0, pageLoad: 300000, script: 30000}, unhandledPromptBehavior: dismiss and notify, webauthn:extension:credBlob: true, webauthn:extension:largeBlob: true, webauthn:extension:minPinLength: true, webauthn:extension:prf: true, webauthn:virtualAuthenticators: true}
Session ID: 42ccfd8c1b58179dd0a23e62c27a3987
	at org.openqa.selenium.remote.ErrorCodec.decode(ErrorCodec.java:167)
	at org.openqa.selenium.remote.codec.w3c.W3CHttpResponseCodec.decode(W3CHttpResponseCodec.java:138)
	at org.openqa.selenium.remote.codec.w3c.W3CHttpResponseCodec.decode(W3CHttpResponseCodec.java:50)
	at org.openqa.selenium.remote.HttpCommandExecutor.execute(HttpCommandExecutor.java:190)
	at org.openqa.selenium.remote.service.DriverCommandExecutor.invokeExecute(DriverCommandExecutor.java:216)
	at org.openqa.selenium.remote.service.DriverCommandExecutor.execute(DriverCommandExecutor.java:174)
	at org.openqa.selenium.remote.RemoteWebDriver.execute(RemoteWebDriver.java:518)
	at org.openqa.selenium.remote.ElementLocation$ElementFinder$2.findElement(ElementLocation.java:165)
	at org.openqa.selenium.remote.ElementLocation.findElement(ElementLocation.java:66)
	at org.openqa.selenium.remote.RemoteWebDriver.findElement(RemoteWebDriver.java:355)
	at org.openqa.selenium.remote.RemoteWebDriver.findElement(RemoteWebDriver.java:349)
	at com.practice.ehr.EHR.Login.enterUserDetails(Login.java:61)
	at java.base/java.util.ArrayList.forEach(ArrayList.java:1511)
... Removed 32 stack frames
</div> <!-- stack-trace -->
                </div> <!-- method-content -->
              </div> <!-- method -->
            </div> <!-- main-panel-content rounded-window-bottom -->
          </div> <!-- suite-EHR_LoGIN-class-failed -->
          <div class="suite-EHR_LoGIN-class-failed">
            <div class="main-panel-header rounded-window-top">
              <img src="failed.png"/>
              <span class="class-name">com.practice.ehr.create.patient.CreatePatient</span>
            </div> <!-- main-panel-header rounded-window-top -->
            <div class="main-panel-content rounded-window-bottom">
              <div class="method">
                <div class="method-content">
                  <a name="createPatient">
                  </a> <!-- createPatient -->
                  <span class="method-name">createPatient</span>
                  <div class="stack-trace">org.openqa.selenium.NoSuchElementException: no such element: Unable to locate element: {&quot;method&quot;:&quot;xpath&quot;,&quot;selector&quot;:&quot;//i[@class=&apos;fa fa-calendar-o&apos;]&quot;}
  (Session info: chrome=124.0.6367.78)
For documentation on this error, please visit: https://www.selenium.dev/documentation/webdriver/troubleshooting/errors#no-such-element-exception
Build info: version: &apos;4.19.1&apos;, revision: &apos;abe0ee07dc&apos;
System info: os.name: &apos;Windows 11&apos;, os.arch: &apos;amd64&apos;, os.version: &apos;10.0&apos;, java.version: &apos;17.0.10&apos;
Driver info: org.openqa.selenium.chrome.ChromeDriver
Command: [19672e36bb4ecffb1933cf39164365c9, findElement {value=//i[@class=&apos;fa fa-calendar-o&apos;], using=xpath}]
Capabilities {acceptInsecureCerts: false, browserName: chrome, browserVersion: 124.0.6367.78, chrome: {chromedriverVersion: 124.0.6367.78 (a087f2dd364d..., userDataDir: C:\Users\Kavanant\AppData\L...}, fedcm:accounts: true, goog:chromeOptions: {debuggerAddress: localhost:62851}, networkConnectionEnabled: false, pageLoadStrategy: normal, platformName: windows, proxy: Proxy(), se:cdp: ws://localhost:62851/devtoo..., se:cdpVersion: 124.0.6367.78, setWindowRect: true, strictFileInteractability: false, timeouts: {implicit: 0, pageLoad: 300000, script: 30000}, unhandledPromptBehavior: dismiss and notify, webauthn:extension:credBlob: true, webauthn:extension:largeBlob: true, webauthn:extension:minPinLength: true, webauthn:extension:prf: true, webauthn:virtualAuthenticators: true}
Session ID: 19672e36bb4ecffb1933cf39164365c9
	at org.openqa.selenium.remote.ErrorCodec.decode(ErrorCodec.java:167)
	at org.openqa.selenium.remote.codec.w3c.W3CHttpResponseCodec.decode(W3CHttpResponseCodec.java:138)
	at org.openqa.selenium.remote.codec.w3c.W3CHttpResponseCodec.decode(W3CHttpResponseCodec.java:50)
	at org.openqa.selenium.remote.HttpCommandExecutor.execute(HttpCommandExecutor.java:190)
	at org.openqa.selenium.remote.service.DriverCommandExecutor.invokeExecute(DriverCommandExecutor.java:216)
	at org.openqa.selenium.remote.service.DriverCommandExecutor.execute(DriverCommandExecutor.java:174)
	at org.openqa.selenium.remote.RemoteWebDriver.execute(RemoteWebDriver.java:518)
	at org.openqa.selenium.remote.ElementLocation$ElementFinder$2.findElement(ElementLocation.java:165)
	at org.openqa.selenium.remote.ElementLocation.findElement(ElementLocation.java:59)
	at org.openqa.selenium.remote.RemoteWebDriver.findElement(RemoteWebDriver.java:355)
	at org.openqa.selenium.remote.RemoteWebDriver.findElement(RemoteWebDriver.java:349)
	at com.practice.ehr.create.patient.CreatePatient.createPatient(CreatePatient.java:14)
	at java.base/java.util.ArrayList.forEach(ArrayList.java:1511)
... Removed 32 stack frames
</div> <!-- stack-trace -->
                </div> <!-- method-content -->
              </div> <!-- method -->
              <div class="method">
                <div class="method-content">
                  <a name="enterUserDetails(ab, Cips@1234)">
                  </a> <!-- enterUserDetails(ab, Cips@1234) -->
                  <span class="method-name">enterUserDetails</span>
                  <span class="parameters">(ab,Cips@1234)</span>
                  <div class="stack-trace">org.openqa.selenium.NoSuchElementException: no such element: Unable to locate element: {&quot;method&quot;:&quot;css selector&quot;,&quot;selector&quot;:&quot;#FormEmail&quot;}
  (Session info: chrome=124.0.6367.78)
For documentation on this error, please visit: https://www.selenium.dev/documentation/webdriver/troubleshooting/errors#no-such-element-exception
Build info: version: &apos;4.19.1&apos;, revision: &apos;abe0ee07dc&apos;
System info: os.name: &apos;Windows 11&apos;, os.arch: &apos;amd64&apos;, os.version: &apos;10.0&apos;, java.version: &apos;17.0.10&apos;
Driver info: org.openqa.selenium.chrome.ChromeDriver
Command: [19672e36bb4ecffb1933cf39164365c9, findElement {value=FormEmail, using=id}]
Capabilities {acceptInsecureCerts: false, browserName: chrome, browserVersion: 124.0.6367.78, chrome: {chromedriverVersion: 124.0.6367.78 (a087f2dd364d..., userDataDir: C:\Users\Kavanant\AppData\L...}, fedcm:accounts: true, goog:chromeOptions: {debuggerAddress: localhost:62851}, networkConnectionEnabled: false, pageLoadStrategy: normal, platformName: windows, proxy: Proxy(), se:cdp: ws://localhost:62851/devtoo..., se:cdpVersion: 124.0.6367.78, setWindowRect: true, strictFileInteractability: false, timeouts: {implicit: 0, pageLoad: 300000, script: 30000}, unhandledPromptBehavior: dismiss and notify, webauthn:extension:credBlob: true, webauthn:extension:largeBlob: true, webauthn:extension:minPinLength: true, webauthn:extension:prf: true, webauthn:virtualAuthenticators: true}
Session ID: 19672e36bb4ecffb1933cf39164365c9
	at org.openqa.selenium.remote.ErrorCodec.decode(ErrorCodec.java:167)
	at org.openqa.selenium.remote.codec.w3c.W3CHttpResponseCodec.decode(W3CHttpResponseCodec.java:138)
	at org.openqa.selenium.remote.codec.w3c.W3CHttpResponseCodec.decode(W3CHttpResponseCodec.java:50)
	at org.openqa.selenium.remote.HttpCommandExecutor.execute(HttpCommandExecutor.java:190)
	at org.openqa.selenium.remote.service.DriverCommandExecutor.invokeExecute(DriverCommandExecutor.java:216)
	at org.openqa.selenium.remote.service.DriverCommandExecutor.execute(DriverCommandExecutor.java:174)
	at org.openqa.selenium.remote.RemoteWebDriver.execute(RemoteWebDriver.java:518)
	at org.openqa.selenium.remote.ElementLocation$ElementFinder$2.findElement(ElementLocation.java:165)
	at org.openqa.selenium.remote.ElementLocation.findElement(ElementLocation.java:66)
	at org.openqa.selenium.remote.RemoteWebDriver.findElement(RemoteWebDriver.java:355)
	at org.openqa.selenium.remote.RemoteWebDriver.findElement(RemoteWebDriver.java:349)
	at com.practice.ehr.EHR.Login.enterUserDetails(Login.java:61)
	at java.base/java.util.ArrayList.forEach(ArrayList.java:1511)
... Removed 32 stack frames
</div> <!-- stack-trace -->
                </div> <!-- method-content -->
              </div> <!-- method -->
            </div> <!-- main-panel-content rounded-window-bottom -->
          </div> <!-- suite-EHR_LoGIN-class-failed -->
          <div class="suite-EHR_LoGIN-class-failed">
            <div class="main-panel-header rounded-window-top">
              <img src="failed.png"/>
              <span class="class-name">com.practice.ehr.EHR.Login</span>
            </div> <!-- main-panel-header rounded-window-top -->
            <div class="main-panel-content rounded-window-bottom">
              <div class="method">
                <div class="method-content">
                  <a name="enterUserDetails(ab, Cips@1234)">
                  </a> <!-- enterUserDetails(ab, Cips@1234) -->
                  <span class="method-name">enterUserDetails</span>
                  <span class="parameters">(ab,Cips@1234)</span>
                  <div class="stack-trace">org.openqa.selenium.NoSuchElementException: no such element: Unable to locate element: {&quot;method&quot;:&quot;css selector&quot;,&quot;selector&quot;:&quot;#FormEmail&quot;}
  (Session info: chrome=124.0.6367.78)
For documentation on this error, please visit: https://www.selenium.dev/documentation/webdriver/troubleshooting/errors#no-such-element-exception
Build info: version: &apos;4.19.1&apos;, revision: &apos;abe0ee07dc&apos;
System info: os.name: &apos;Windows 11&apos;, os.arch: &apos;amd64&apos;, os.version: &apos;10.0&apos;, java.version: &apos;17.0.10&apos;
Driver info: org.openqa.selenium.chrome.ChromeDriver
Command: [0a5c52399f03a5e5ca550d91f40a20a8, findElement {value=FormEmail, using=id}]
Capabilities {acceptInsecureCerts: false, browserName: chrome, browserVersion: 124.0.6367.78, chrome: {chromedriverVersion: 124.0.6367.78 (a087f2dd364d..., userDataDir: C:\Users\Kavanant\AppData\L...}, fedcm:accounts: true, goog:chromeOptions: {debuggerAddress: localhost:62695}, networkConnectionEnabled: false, pageLoadStrategy: normal, platformName: windows, proxy: Proxy(), se:cdp: ws://localhost:62695/devtoo..., se:cdpVersion: 124.0.6367.78, setWindowRect: true, strictFileInteractability: false, timeouts: {implicit: 0, pageLoad: 300000, script: 30000}, unhandledPromptBehavior: dismiss and notify, webauthn:extension:credBlob: true, webauthn:extension:largeBlob: true, webauthn:extension:minPinLength: true, webauthn:extension:prf: true, webauthn:virtualAuthenticators: true}
Session ID: 0a5c52399f03a5e5ca550d91f40a20a8
	at org.openqa.selenium.remote.ErrorCodec.decode(ErrorCodec.java:167)
	at org.openqa.selenium.remote.codec.w3c.W3CHttpResponseCodec.decode(W3CHttpResponseCodec.java:138)
	at org.openqa.selenium.remote.codec.w3c.W3CHttpResponseCodec.decode(W3CHttpResponseCodec.java:50)
	at org.openqa.selenium.remote.HttpCommandExecutor.execute(HttpCommandExecutor.java:190)
	at org.openqa.selenium.remote.service.DriverCommandExecutor.invokeExecute(DriverCommandExecutor.java:216)
	at org.openqa.selenium.remote.service.DriverCommandExecutor.execute(DriverCommandExecutor.java:174)
	at org.openqa.selenium.remote.RemoteWebDriver.execute(RemoteWebDriver.java:518)
	at org.openqa.selenium.remote.ElementLocation$ElementFinder$2.findElement(ElementLocation.java:165)
	at org.openqa.selenium.remote.ElementLocation.findElement(ElementLocation.java:66)
	at org.openqa.selenium.remote.RemoteWebDriver.findElement(RemoteWebDriver.java:355)
	at org.openqa.selenium.remote.RemoteWebDriver.findElement(RemoteWebDriver.java:349)
	at com.practice.ehr.EHR.Login.enterUserDetails(Login.java:61)
	at java.base/java.util.ArrayList.forEach(ArrayList.java:1511)
... Removed 32 stack frames
</div> <!-- stack-trace -->
                </div> <!-- method-content -->
              </div> <!-- method -->
            </div> <!-- main-panel-content rounded-window-bottom -->
          </div> <!-- suite-EHR_LoGIN-class-failed -->
          <div class="suite-EHR_LoGIN-class-failed">
            <div class="main-panel-header rounded-window-top">
              <img src="failed.png"/>
              <span class="class-name">com.practice.ehr.create.PN.CreateProgressNote</span>
            </div> <!-- main-panel-header rounded-window-top -->
            <div class="main-panel-content rounded-window-bottom">
              <div class="method">
                <div class="method-content">
                  <a name="afterPNcontinue">
                  </a> <!-- afterPNcontinue -->
                  <span class="method-name">afterPNcontinue</span>
                  <div class="stack-trace">org.openqa.selenium.NoSuchElementException: no such element: Unable to locate element: {&quot;method&quot;:&quot;css selector&quot;,&quot;selector&quot;:&quot;#\/\/div\[\@class\=\&apos;pending_items_list\&apos;\]&quot;}
  (Session info: chrome=124.0.6367.78)
For documentation on this error, please visit: https://www.selenium.dev/documentation/webdriver/troubleshooting/errors#no-such-element-exception
Build info: version: &apos;4.19.1&apos;, revision: &apos;abe0ee07dc&apos;
System info: os.name: &apos;Windows 11&apos;, os.arch: &apos;amd64&apos;, os.version: &apos;10.0&apos;, java.version: &apos;17.0.10&apos;
Driver info: org.openqa.selenium.chrome.ChromeDriver
Command: [c4af98898196ce96ab1c4fbadcb1e1b5, findElement {value=//div[@class=&apos;pending_items_list&apos;], using=id}]
Capabilities {acceptInsecureCerts: false, browserName: chrome, browserVersion: 124.0.6367.78, chrome: {chromedriverVersion: 124.0.6367.78 (a087f2dd364d..., userDataDir: C:\Users\Kavanant\AppData\L...}, fedcm:accounts: true, goog:chromeOptions: {debuggerAddress: localhost:62753}, networkConnectionEnabled: false, pageLoadStrategy: normal, platformName: windows, proxy: Proxy(), se:cdp: ws://localhost:62753/devtoo..., se:cdpVersion: 124.0.6367.78, setWindowRect: true, strictFileInteractability: false, timeouts: {implicit: 0, pageLoad: 300000, script: 30000}, unhandledPromptBehavior: dismiss and notify, webauthn:extension:credBlob: true, webauthn:extension:largeBlob: true, webauthn:extension:minPinLength: true, webauthn:extension:prf: true, webauthn:virtualAuthenticators: true}
Session ID: c4af98898196ce96ab1c4fbadcb1e1b5
	at org.openqa.selenium.remote.ErrorCodec.decode(ErrorCodec.java:167)
	at org.openqa.selenium.remote.codec.w3c.W3CHttpResponseCodec.decode(W3CHttpResponseCodec.java:138)
	at org.openqa.selenium.remote.codec.w3c.W3CHttpResponseCodec.decode(W3CHttpResponseCodec.java:50)
	at org.openqa.selenium.remote.HttpCommandExecutor.execute(HttpCommandExecutor.java:190)
	at org.openqa.selenium.remote.service.DriverCommandExecutor.invokeExecute(DriverCommandExecutor.java:216)
	at org.openqa.selenium.remote.service.DriverCommandExecutor.execute(DriverCommandExecutor.java:174)
	at org.openqa.selenium.remote.RemoteWebDriver.execute(RemoteWebDriver.java:518)
	at org.openqa.selenium.remote.ElementLocation$ElementFinder$2.findElement(ElementLocation.java:165)
	at org.openqa.selenium.remote.ElementLocation.findElement(ElementLocation.java:59)
	at org.openqa.selenium.remote.RemoteWebDriver.findElement(RemoteWebDriver.java:355)
	at org.openqa.selenium.remote.RemoteWebDriver.findElement(RemoteWebDriver.java:349)
	at com.practice.ehr.create.PN.CreateProgressNote.afterPNcontinue(CreateProgressNote.java:64)
	at java.base/java.util.ArrayList.forEach(ArrayList.java:1511)
... Removed 32 stack frames
</div> <!-- stack-trace -->
                </div> <!-- method-content -->
              </div> <!-- method -->
              <div class="method">
                <div class="method-content">
                  <a name="createPN">
                  </a> <!-- createPN -->
                  <span class="method-name">createPN</span>
                  <div class="stack-trace">org.openqa.selenium.NoSuchElementException: no such element: Unable to locate element: {&quot;method&quot;:&quot;link text&quot;,&quot;selector&quot;:&quot;Create&quot;}
  (Session info: chrome=124.0.6367.78)
For documentation on this error, please visit: https://www.selenium.dev/documentation/webdriver/troubleshooting/errors#no-such-element-exception
Build info: version: &apos;4.19.1&apos;, revision: &apos;abe0ee07dc&apos;
System info: os.name: &apos;Windows 11&apos;, os.arch: &apos;amd64&apos;, os.version: &apos;10.0&apos;, java.version: &apos;17.0.10&apos;
Driver info: org.openqa.selenium.chrome.ChromeDriver
Command: [c4af98898196ce96ab1c4fbadcb1e1b5, findElement {value=Create, using=link text}]
Capabilities {acceptInsecureCerts: false, browserName: chrome, browserVersion: 124.0.6367.78, chrome: {chromedriverVersion: 124.0.6367.78 (a087f2dd364d..., userDataDir: C:\Users\Kavanant\AppData\L...}, fedcm:accounts: true, goog:chromeOptions: {debuggerAddress: localhost:62753}, networkConnectionEnabled: false, pageLoadStrategy: normal, platformName: windows, proxy: Proxy(), se:cdp: ws://localhost:62753/devtoo..., se:cdpVersion: 124.0.6367.78, setWindowRect: true, strictFileInteractability: false, timeouts: {implicit: 0, pageLoad: 300000, script: 30000}, unhandledPromptBehavior: dismiss and notify, webauthn:extension:credBlob: true, webauthn:extension:largeBlob: true, webauthn:extension:minPinLength: true, webauthn:extension:prf: true, webauthn:virtualAuthenticators: true}
Session ID: c4af98898196ce96ab1c4fbadcb1e1b5
	at org.openqa.selenium.remote.ErrorCodec.decode(ErrorCodec.java:167)
	at org.openqa.selenium.remote.codec.w3c.W3CHttpResponseCodec.decode(W3CHttpResponseCodec.java:138)
	at org.openqa.selenium.remote.codec.w3c.W3CHttpResponseCodec.decode(W3CHttpResponseCodec.java:50)
	at org.openqa.selenium.remote.HttpCommandExecutor.execute(HttpCommandExecutor.java:190)
	at org.openqa.selenium.remote.service.DriverCommandExecutor.invokeExecute(DriverCommandExecutor.java:216)
	at org.openqa.selenium.remote.service.DriverCommandExecutor.execute(DriverCommandExecutor.java:174)
	at org.openqa.selenium.remote.RemoteWebDriver.execute(RemoteWebDriver.java:518)
	at org.openqa.selenium.remote.ElementLocation$ElementFinder$2.findElement(ElementLocation.java:165)
	at org.openqa.selenium.remote.ElementLocation.findElement(ElementLocation.java:59)
	at org.openqa.selenium.remote.RemoteWebDriver.findElement(RemoteWebDriver.java:355)
	at org.openqa.selenium.remote.RemoteWebDriver.findElement(RemoteWebDriver.java:349)
	at com.practice.ehr.create.PN.CreateProgressNote.createPN(CreateProgressNote.java:38)
	at java.base/java.util.ArrayList.forEach(ArrayList.java:1511)
... Removed 32 stack frames
</div> <!-- stack-trace -->
                </div> <!-- method-content -->
              </div> <!-- method -->
              <div class="method">
                <div class="method-content">
                  <a name="enterUserDetails(ab, Cips@1234)">
                  </a> <!-- enterUserDetails(ab, Cips@1234) -->
                  <span class="method-name">enterUserDetails</span>
                  <span class="parameters">(ab,Cips@1234)</span>
                  <div class="stack-trace">org.openqa.selenium.NoSuchElementException: no such element: Unable to locate element: {&quot;method&quot;:&quot;css selector&quot;,&quot;selector&quot;:&quot;#FormEmail&quot;}
  (Session info: chrome=124.0.6367.78)
For documentation on this error, please visit: https://www.selenium.dev/documentation/webdriver/troubleshooting/errors#no-such-element-exception
Build info: version: &apos;4.19.1&apos;, revision: &apos;abe0ee07dc&apos;
System info: os.name: &apos;Windows 11&apos;, os.arch: &apos;amd64&apos;, os.version: &apos;10.0&apos;, java.version: &apos;17.0.10&apos;
Driver info: org.openqa.selenium.chrome.ChromeDriver
Command: [c4af98898196ce96ab1c4fbadcb1e1b5, findElement {value=FormEmail, using=id}]
Capabilities {acceptInsecureCerts: false, browserName: chrome, browserVersion: 124.0.6367.78, chrome: {chromedriverVersion: 124.0.6367.78 (a087f2dd364d..., userDataDir: C:\Users\Kavanant\AppData\L...}, fedcm:accounts: true, goog:chromeOptions: {debuggerAddress: localhost:62753}, networkConnectionEnabled: false, pageLoadStrategy: normal, platformName: windows, proxy: Proxy(), se:cdp: ws://localhost:62753/devtoo..., se:cdpVersion: 124.0.6367.78, setWindowRect: true, strictFileInteractability: false, timeouts: {implicit: 0, pageLoad: 300000, script: 30000}, unhandledPromptBehavior: dismiss and notify, webauthn:extension:credBlob: true, webauthn:extension:largeBlob: true, webauthn:extension:minPinLength: true, webauthn:extension:prf: true, webauthn:virtualAuthenticators: true}
Session ID: c4af98898196ce96ab1c4fbadcb1e1b5
	at org.openqa.selenium.remote.ErrorCodec.decode(ErrorCodec.java:167)
	at org.openqa.selenium.remote.codec.w3c.W3CHttpResponseCodec.decode(W3CHttpResponseCodec.java:138)
	at org.openqa.selenium.remote.codec.w3c.W3CHttpResponseCodec.decode(W3CHttpResponseCodec.java:50)
	at org.openqa.selenium.remote.HttpCommandExecutor.execute(HttpCommandExecutor.java:190)
	at org.openqa.selenium.remote.service.DriverCommandExecutor.invokeExecute(DriverCommandExecutor.java:216)
	at org.openqa.selenium.remote.service.DriverCommandExecutor.execute(DriverCommandExecutor.java:174)
	at org.openqa.selenium.remote.RemoteWebDriver.execute(RemoteWebDriver.java:518)
	at org.openqa.selenium.remote.ElementLocation$ElementFinder$2.findElement(ElementLocation.java:165)
	at org.openqa.selenium.remote.ElementLocation.findElement(ElementLocation.java:66)
	at org.openqa.selenium.remote.RemoteWebDriver.findElement(RemoteWebDriver.java:355)
	at org.openqa.selenium.remote.RemoteWebDriver.findElement(RemoteWebDriver.java:349)
	at com.practice.ehr.EHR.Login.enterUserDetails(Login.java:61)
	at java.base/java.util.ArrayList.forEach(ArrayList.java:1511)
... Removed 32 stack frames
</div> <!-- stack-trace -->
                </div> <!-- method-content -->
              </div> <!-- method -->
            </div> <!-- main-panel-content rounded-window-bottom -->
          </div> <!-- suite-EHR_LoGIN-class-failed -->
          <div class="suite-EHR_LoGIN-class-passed">
            <div class="main-panel-header rounded-window-top">
              <img src="passed.png"/>
              <span class="class-name">com.practice.ehr.create.newappointment.FromHomePageCreateNewAppointment</span>
            </div> <!-- main-panel-header rounded-window-top -->
            <div class="main-panel-content rounded-window-bottom">
              <div class="method">
                <div class="method-content">
                  <a name="lunchApp(https://dv.cinch-project.com/#/login)">
                  </a> <!-- lunchApp(https://dv.cinch-project.com/#/login) -->
                  <span class="method-name">lunchApp</span>
                  <span class="parameters">(https://dv.cinch-project.com/#/login)</span>
                </div> <!-- method-content -->
              </div> <!-- method -->
            </div> <!-- main-panel-content rounded-window-bottom -->
          </div> <!-- suite-EHR_LoGIN-class-passed -->
          <div class="suite-EHR_LoGIN-class-passed">
            <div class="main-panel-header rounded-window-top">
              <img src="passed.png"/>
              <span class="class-name">com.practice.ehr.create.patient.CreatePatient</span>
            </div> <!-- main-panel-header rounded-window-top -->
            <div class="main-panel-content rounded-window-bottom">
              <div class="method">
                <div class="method-content">
                  <a name="lunchApp(https://dv.cinch-project.com/#/login)">
                  </a> <!-- lunchApp(https://dv.cinch-project.com/#/login) -->
                  <span class="method-name">lunchApp</span>
                  <span class="parameters">(https://dv.cinch-project.com/#/login)</span>
                </div> <!-- method-content -->
              </div> <!-- method -->
            </div> <!-- main-panel-content rounded-window-bottom -->
          </div> <!-- suite-EHR_LoGIN-class-passed -->
          <div class="suite-EHR_LoGIN-class-passed">
            <div class="main-panel-header rounded-window-top">
              <img src="passed.png"/>
              <span class="class-name">com.practice.ehr.EHR.Login</span>
            </div> <!-- main-panel-header rounded-window-top -->
            <div class="main-panel-content rounded-window-bottom">
              <div class="method">
                <div class="method-content">
                  <a name="lunchApp(https://dv.cinch-project.com/#/login)">
                  </a> <!-- lunchApp(https://dv.cinch-project.com/#/login) -->
                  <span class="method-name">lunchApp</span>
                  <span class="parameters">(https://dv.cinch-project.com/#/login)</span>
                </div> <!-- method-content -->
              </div> <!-- method -->
            </div> <!-- main-panel-content rounded-window-bottom -->
          </div> <!-- suite-EHR_LoGIN-class-passed -->
          <div class="suite-EHR_LoGIN-class-passed">
            <div class="main-panel-header rounded-window-top">
              <img src="passed.png"/>
              <span class="class-name">com.practice.ehr.patient.search.add.vitals.PatientSearchAndVitalsAdd</span>
            </div> <!-- main-panel-header rounded-window-top -->
            <div class="main-panel-content rounded-window-bottom">
              <div class="method">
                <div class="method-content">
                  <a name="PatientSearch">
                  </a> <!-- PatientSearch -->
                  <span class="method-name">PatientSearch</span>
                </div> <!-- method-content -->
              </div> <!-- method -->
              <div class="method">
                <div class="method-content">
                  <a name="enterUserDetails(ab, Cips@1234)">
                  </a> <!-- enterUserDetails(ab, Cips@1234) -->
                  <span class="method-name">enterUserDetails</span>
                  <span class="parameters">(ab,Cips@1234)</span>
                </div> <!-- method-content -->
              </div> <!-- method -->
              <div class="method">
                <div class="method-content">
                  <a name="lunchApp(https://dv.cinch-project.com/#/login)">
                  </a> <!-- lunchApp(https://dv.cinch-project.com/#/login) -->
                  <span class="method-name">lunchApp</span>
                  <span class="parameters">(https://dv.cinch-project.com/#/login)</span>
                </div> <!-- method-content -->
              </div> <!-- method -->
            </div> <!-- main-panel-content rounded-window-bottom -->
          </div> <!-- suite-EHR_LoGIN-class-passed -->
          <div class="suite-EHR_LoGIN-class-passed">
            <div class="main-panel-header rounded-window-top">
              <img src="passed.png"/>
              <span class="class-name">com.practice.ehr.create.PN.CreateProgressNote</span>
            </div> <!-- main-panel-header rounded-window-top -->
            <div class="main-panel-content rounded-window-bottom">
              <div class="method">
                <div class="method-content">
                  <a name="lunchApp(https://dv.cinch-project.com/#/login)">
                  </a> <!-- lunchApp(https://dv.cinch-project.com/#/login) -->
                  <span class="method-name">lunchApp</span>
                  <span class="parameters">(https://dv.cinch-project.com/#/login)</span>
                </div> <!-- method-content -->
              </div> <!-- method -->
            </div> <!-- main-panel-content rounded-window-bottom -->
          </div> <!-- suite-EHR_LoGIN-class-passed -->
        </div> <!-- panel EHR_LoGIN -->
        <div panel-name="test-xml-EHR_LoGIN" class="panel">
          <div class="main-panel-header rounded-window-top">
            <span class="header-content">C:\Users\Kavanant\Automation testing\EHR\resources\EHR.xml</span>
          </div> <!-- main-panel-header rounded-window-top -->
          <div class="main-panel-content rounded-window-bottom">
            <pre>
&lt;?xml version=&quot;1.0&quot; encoding=&quot;UTF-8&quot;?&gt;
&lt;!DOCTYPE suite SYSTEM &quot;https://testng.org/testng-1.0.dtd&quot;&gt;
&lt;suite name=&quot;EHR LoGIN&quot; guice-stage=&quot;DEVELOPMENT&quot;&gt;
  &lt;parameter name=&quot;passWord&quot; value=&quot;Cips@1234&quot;/&gt;
  &lt;parameter name=&quot;userName&quot; value=&quot;ab&quot;/&gt;
  &lt;parameter name=&quot;URL&quot; value=&quot;https://dv.cinch-project.com/#/login&quot;/&gt;
  &lt;listeners&gt;
    &lt;listener class-name=&quot;com.practice.ehr.EHR.ItestLisenerClass&quot;/&gt;
  &lt;/listeners&gt;
  &lt;test thread-count=&quot;5&quot; name=&quot;Login&quot;&gt;
    &lt;classes&gt;
      &lt;class name=&quot;com.practice.ehr.EHR.Login&quot;/&gt;
    &lt;/classes&gt;
  &lt;/test&gt; &lt;!-- Login --&gt;
  &lt;test thread-count=&quot;5&quot; name=&quot;CreateProgressNote&quot;&gt;
    &lt;classes&gt;
      &lt;class name=&quot;com.practice.ehr.create.PN.CreateProgressNote&quot;/&gt;
    &lt;/classes&gt;
  &lt;/test&gt; &lt;!-- CreateProgressNote --&gt;
  &lt;test thread-count=&quot;5&quot; name=&quot;CreateAppointFromHomepage&quot;&gt;
    &lt;classes&gt;
      &lt;class name=&quot;com.practice.ehr.create.newappointment.FromHomePageCreateNewAppointment&quot;/&gt;
    &lt;/classes&gt;
  &lt;/test&gt; &lt;!-- CreateAppointFromHomepage --&gt;
  &lt;test thread-count=&quot;5&quot; name=&quot;create patient&quot;&gt;
    &lt;classes&gt;
      &lt;class name=&quot;com.practice.ehr.create.patient.CreatePatient&quot;/&gt;
    &lt;/classes&gt;
  &lt;/test&gt; &lt;!-- create patient --&gt;
  &lt;test thread-count=&quot;5&quot; name=&quot;Patient search and vital add&quot;&gt;
    &lt;classes&gt;
      &lt;class name=&quot;com.practice.ehr.patient.search.add.vitals.PatientSearchAndVitalsAdd&quot;&gt;
        &lt;methods&gt;
          &lt;include name=&quot;lunchApp&quot;/&gt;
          &lt;include name=&quot;enterUserDetails&quot;/&gt;
          &lt;include name=&quot;PatientSearch&quot;/&gt;
        &lt;/methods&gt;
      &lt;/class&gt; &lt;!-- com.practice.ehr.patient.search.add.vitals.PatientSearchAndVitalsAdd --&gt;
    &lt;/classes&gt;
  &lt;/test&gt; &lt;!-- Patient search and vital add --&gt;
&lt;/suite&gt; &lt;!-- EHR LoGIN --&gt;
            </pre>
          </div> <!-- main-panel-content rounded-window-bottom -->
        </div> <!-- panel -->
        <div panel-name="testlist-EHR_LoGIN" class="panel">
          <div class="main-panel-header rounded-window-top">
            <span class="header-content">Tests for EHR LoGIN</span>
          </div> <!-- main-panel-header rounded-window-top -->
          <div class="main-panel-content rounded-window-bottom">
            <ul>
              <li>
                <span class="test-name">Login (1 class)</span>
              </li>
              <li>
                <span class="test-name">CreateProgressNote (1 class)</span>
              </li>
              <li>
                <span class="test-name">CreateAppointFromHomepage (1 class)</span>
              </li>
              <li>
                <span class="test-name">create patient (1 class)</span>
              </li>
              <li>
                <span class="test-name">Patient search and vital add (1 class)</span>
              </li>
            </ul>
          </div> <!-- main-panel-content rounded-window-bottom -->
        </div> <!-- panel -->
        <div panel-name="group-EHR_LoGIN" class="panel">
          <div class="main-panel-header rounded-window-top">
            <span class="header-content">Groups for EHR LoGIN</span>
          </div> <!-- main-panel-header rounded-window-top -->
          <div class="main-panel-content rounded-window-bottom">
          </div> <!-- main-panel-content rounded-window-bottom -->
        </div> <!-- panel -->
        <div panel-name="times-EHR_LoGIN" class="panel">
          <div class="main-panel-header rounded-window-top">
            <span class="header-content">Times for EHR LoGIN</span>
          </div> <!-- main-panel-header rounded-window-top -->
          <div class="main-panel-content rounded-window-bottom">
            <div class="times-div">
              <script type="text/javascript">
suiteTableInitFunctions.push('tableData_EHR_LoGIN');
function tableData_EHR_LoGIN() {
var data = new google.visualization.DataTable();
data.addColumn('number', 'Number');
data.addColumn('string', 'Method');
data.addColumn('string', 'Class');
data.addColumn('number', 'Time (ms)');
data.addRows(16);
data.setCell(0, 0, 0)
data.setCell(0, 1, 'lunchApp')
data.setCell(0, 2, 'com.practice.ehr.patient.search.add.vitals.PatientSearchAndVitalsAdd')
data.setCell(0, 3, 13112);
data.setCell(1, 0, 1)
data.setCell(1, 1, 'lunchApp')
data.setCell(1, 2, 'com.practice.ehr.EHR.Login')
data.setCell(1, 3, 8566);
data.setCell(2, 0, 2)
data.setCell(2, 1, 'createPN')
data.setCell(2, 2, 'com.practice.ehr.create.PN.CreateProgressNote')
data.setCell(2, 3, 8042);
data.setCell(3, 0, 3)
data.setCell(3, 1, 'enterUserDetails')
data.setCell(3, 2, 'com.practice.ehr.EHR.Login')
data.setCell(3, 3, 7323);
data.setCell(4, 0, 4)
data.setCell(4, 1, 'lunchApp')
data.setCell(4, 2, 'com.practice.ehr.create.patient.CreatePatient')
data.setCell(4, 3, 7143);
data.setCell(5, 0, 5)
data.setCell(5, 1, 'createAppFromHomePg')
data.setCell(5, 2, 'com.practice.ehr.create.newappointment.FromHomePageCreateNewAppointment')
data.setCell(5, 3, 7071);
data.setCell(6, 0, 6)
data.setCell(6, 1, 'createPatient')
data.setCell(6, 2, 'com.practice.ehr.create.patient.CreatePatient')
data.setCell(6, 3, 7070);
data.setCell(7, 0, 7)
data.setCell(7, 1, 'enterUserDetails')
data.setCell(7, 2, 'com.practice.ehr.create.patient.CreatePatient')
data.setCell(7, 3, 7057);
data.setCell(8, 0, 8)
data.setCell(8, 1, 'enterUserDetails')
data.setCell(8, 2, 'com.practice.ehr.create.PN.CreateProgressNote')
data.setCell(8, 3, 7047);
data.setCell(9, 0, 9)
data.setCell(9, 1, 'enterUserDetails')
data.setCell(9, 2, 'com.practice.ehr.create.newappointment.FromHomePageCreateNewAppointment')
data.setCell(9, 3, 7012);
data.setCell(10, 0, 10)
data.setCell(10, 1, 'lunchApp')
data.setCell(10, 2, 'com.practice.ehr.create.PN.CreateProgressNote')
data.setCell(10, 3, 6587);
data.setCell(11, 0, 11)
data.setCell(11, 1, 'enterUserDetails')
data.setCell(11, 2, 'com.practice.ehr.patient.search.add.vitals.PatientSearchAndVitalsAdd')
data.setCell(11, 3, 6283);
data.setCell(12, 0, 12)
data.setCell(12, 1, 'lunchApp')
data.setCell(12, 2, 'com.practice.ehr.create.newappointment.FromHomePageCreateNewAppointment')
data.setCell(12, 3, 6148);
data.setCell(13, 0, 13)
data.setCell(13, 1, 'afterPNcontinue')
data.setCell(13, 2, 'com.practice.ehr.create.PN.CreateProgressNote')
data.setCell(13, 3, 5054);
data.setCell(14, 0, 14)
data.setCell(14, 1, 'assortionschk')
data.setCell(14, 2, 'com.practice.ehr.create.newappointment.FromHomePageCreateNewAppointment')
data.setCell(14, 3, 5018);
data.setCell(15, 0, 15)
data.setCell(15, 1, 'PatientSearch')
data.setCell(15, 2, 'com.practice.ehr.patient.search.add.vitals.PatientSearchAndVitalsAdd')
data.setCell(15, 3, 4307);
window.suiteTableData['EHR_LoGIN']= { tableData: data, tableDiv: 'times-div-EHR_LoGIN'}
return data;
}
              </script>
              <span class="suite-total-time">Total running time: 1 minutes</span>
              <div id="times-div-EHR_LoGIN">
              </div> <!-- times-div-EHR_LoGIN -->
            </div> <!-- times-div -->
          </div> <!-- main-panel-content rounded-window-bottom -->
        </div> <!-- panel -->
        <div panel-name="reporter-EHR_LoGIN" class="panel">
          <div class="main-panel-header rounded-window-top">
            <span class="header-content">Reporter output for EHR LoGIN</span>
          </div> <!-- main-panel-header rounded-window-top -->
          <div class="main-panel-content rounded-window-bottom">
          </div> <!-- main-panel-content rounded-window-bottom -->
        </div> <!-- panel -->
        <div panel-name="ignored-methods-EHR_LoGIN" class="panel">
          <div class="main-panel-header rounded-window-top">
            <span class="header-content">1 ignored method</span>
          </div> <!-- main-panel-header rounded-window-top -->
          <div class="main-panel-content rounded-window-bottom">
            <div class="ignored-class-div">
              <span class="ignored-class-name">com.practice.ehr.patient.search.add.vitals.PatientSearchAndVitalsAdd</span>
              <div class="ignored-methods-div">
                <span class="ignored-method-name">vitalsAdd</span>
                <br/>
              </div> <!-- ignored-methods-div -->
            </div> <!-- ignored-class-div -->
          </div> <!-- main-panel-content rounded-window-bottom -->
        </div> <!-- panel -->
        <div panel-name="chronological-EHR_LoGIN" class="panel">
          <div class="main-panel-header rounded-window-top">
            <span class="header-content">Methods in chronological order</span>
          </div> <!-- main-panel-header rounded-window-top -->
          <div class="main-panel-content rounded-window-bottom">
            <div class="chronological-class">
              <div class="chronological-class-name">com.practice.ehr.EHR.Login</div> <!-- chronological-class-name -->
              <div class="configuration-test before">
                <span class="method-name">browserManage</span>
                <span class="method-start">0 ms</span>
              </div> <!-- configuration-test before -->
              <div class="test-method">
                <img src="failed.png">
                </img>
                <span class="method-name">enterUserDetails(ab, Cips@1234)</span>
                <span class="method-start">22224 ms</span>
              </div> <!-- test-method -->
              <div class="test-method">
                <span class="method-name">lunchApp(https://dv.cinch-project.com/#/login)</span>
                <span class="method-start">29672 ms</span>
              </div> <!-- test-method -->
              <div class="configuration-test after">
                <span class="method-name">closeBrowser</span>
                <span class="method-start">38238 ms</span>
              </div> <!-- configuration-test after -->
            </div> <!-- chronological-class -->
            <div class="chronological-class">
              <div class="chronological-class-name">com.practice.ehr.create.PN.CreateProgressNote</div> <!-- chronological-class-name -->
              <div class="configuration-test before">
                <span class="method-name">browserManage</span>
                <span class="method-start">48031 ms</span>
              </div> <!-- configuration-test before -->
              <div class="test-method">
                <img src="failed.png">
                </img>
                <span class="method-name">enterUserDetails(ab, Cips@1234)</span>
                <span class="method-start">49334 ms</span>
              </div> <!-- test-method -->
              <div class="test-method">
                <span class="method-name">lunchApp(https://dv.cinch-project.com/#/login)</span>
                <span class="method-start">56517 ms</span>
              </div> <!-- test-method -->
              <div class="test-method">
                <img src="failed.png">
                </img>
                <span class="method-name">afterPNcontinue</span>
                <span class="method-start">63104 ms</span>
              </div> <!-- test-method -->
              <div class="test-method">
                <img src="failed.png">
                </img>
                <span class="method-name">createPN</span>
                <span class="method-start">68307 ms</span>
              </div> <!-- test-method -->
              <div class="configuration-test after">
                <span class="method-name">closeBrowser</span>
                <span class="method-start">76496 ms</span>
              </div> <!-- configuration-test after -->
            </div> <!-- chronological-class -->
            <div class="chronological-class">
              <div class="chronological-class-name">com.practice.ehr.create.newappointment.FromHomePageCreateNewAppointment</div> <!-- chronological-class-name -->
              <div class="configuration-test before">
                <span class="method-name">browserManage</span>
                <span class="method-start">86232 ms</span>
              </div> <!-- configuration-test before -->
              <div class="test-method">
                <img src="failed.png">
                </img>
                <span class="method-name">enterUserDetails(ab, Cips@1234)</span>
                <span class="method-start">87445 ms</span>
              </div> <!-- test-method -->
              <div class="test-method">
                <span class="method-name">lunchApp(https://dv.cinch-project.com/#/login)</span>
                <span class="method-start">94573 ms</span>
              </div> <!-- test-method -->
              <div class="test-method">
                <img src="failed.png">
                </img>
                <span class="method-name">assortionschk</span>
                <span class="method-start">100721 ms</span>
              </div> <!-- test-method -->
              <div class="test-method">
                <img src="failed.png">
                </img>
                <span class="method-name">createAppFromHomePg</span>
                <span class="method-start">105989 ms</span>
              </div> <!-- test-method -->
              <div class="configuration-test after">
                <span class="method-name">closeBrowser</span>
                <span class="method-start">113228 ms</span>
              </div> <!-- configuration-test after -->
            </div> <!-- chronological-class -->
            <div class="chronological-class">
              <div class="chronological-class-name">com.practice.ehr.create.patient.CreatePatient</div> <!-- chronological-class-name -->
              <div class="configuration-test before">
                <span class="method-name">browserManage</span>
                <span class="method-start">122803 ms</span>
              </div> <!-- configuration-test before -->
              <div class="test-method">
                <img src="failed.png">
                </img>
                <span class="method-name">enterUserDetails(ab, Cips@1234)</span>
                <span class="method-start">123823 ms</span>
              </div> <!-- test-method -->
              <div class="test-method">
                <span class="method-name">lunchApp(https://dv.cinch-project.com/#/login)</span>
                <span class="method-start">130995 ms</span>
              </div> <!-- test-method -->
              <div class="test-method">
                <img src="failed.png">
                </img>
                <span class="method-name">createPatient</span>
                <span class="method-start">138138 ms</span>
              </div> <!-- test-method -->
              <div class="configuration-test after">
                <span class="method-name">closeBrowser</span>
                <span class="method-start">145371 ms</span>
              </div> <!-- configuration-test after -->
            </div> <!-- chronological-class -->
            <div class="chronological-class">
              <div class="chronological-class-name">com.practice.ehr.patient.search.add.vitals.PatientSearchAndVitalsAdd</div> <!-- chronological-class-name -->
              <div class="configuration-test before">
                <span class="method-name">browserManage</span>
                <span class="method-start">154653 ms</span>
              </div> <!-- configuration-test before -->
              <div class="test-method">
                <span class="method-name">lunchApp(https://dv.cinch-project.com/#/login)</span>
                <span class="method-start">156194 ms</span>
              </div> <!-- test-method -->
              <div class="test-method">
                <span class="method-name">enterUserDetails(ab, Cips@1234)</span>
                <span class="method-start">169310 ms</span>
              </div> <!-- test-method -->
              <div class="test-method">
                <span class="method-name">PatientSearch</span>
                <span class="method-start">175594 ms</span>
              </div> <!-- test-method -->
              <div class="configuration-test after">
                <span class="method-name">closeBrowser</span>
                <span class="method-start">179910 ms</span>
              </div> <!-- configuration-test after -->
          </div> <!-- main-panel-content rounded-window-bottom -->
        </div> <!-- panel -->
      </div> <!-- main-panel-root -->
    </div> <!-- wrapper -->
  </body>
<script type="text/javascript" src="testng-reports2.js"></script>
</html>
