<!DOCTYPE html>

<html>
  <head>
  <meta charset='utf-8'>
  <title>TestNG reports</title>

    <link type="text/css" href="testng-reports1.css" rel="stylesheet" id="ultra" />
    <link type="text/css" href="testng-reports.css" rel="stylesheet" id="retro" disabled="false"/>
    <script type="text/javascript" src="jquery-3.6.0.min.js"></script>
    <script type="text/javascript" src="testng-reports.js"></script>
    <script type="text/javascript" src="https://www.google.com/jsapi"></script>
    <script type='text/javascript'>
      google.load('visualization', '1', {packages:['table']});
      google.setOnLoadCallback(drawTable);
      var suiteTableInitFunctions = new Array();
      var suiteTableData = new Array();
    </script>
    <!--
      <script type="text/javascript" src="jquery-ui/js/jquery-ui-1.8.16.custom.min.js"></script>
     -->
  </head>

  <body>    <div class="top-banner-root">
      <span class="top-banner-title-font">Test results</span>
      <button id="button" class="button">Switch Retro Theme</button> <!-- button -->
      <br/>
      <span class="top-banner-font-1">1 suite, 12 failed tests</span>
    </div> <!-- top-banner-root -->
    <div class="navigator-root">
      <div class="navigator-suite-header">
        <span>All suites</span>
        <a href="#" title="Collapse/expand all the suites" class="collapse-all-link">
          <img src="collapseall.gif" class="collapse-all-icon">
          </img> <!-- collapse-all-icon -->
        </a> <!-- collapse-all-link -->
      </div> <!-- navigator-suite-header -->
      <div class="suite">
        <div class="rounded-window">
          <div class="suite-header light-rounded-window-top">
            <a href="#" panel-name="suite-RPM_LOGIN" class="navigator-link">
              <span class="suite-name border-failed">RPM LOGIN</span>
            </a> <!-- navigator-link -->
          </div> <!-- suite-header light-rounded-window-top -->
          <div class="navigator-suite-content">
            <div class="suite-section-title">
              <span>Info</span>
            </div> <!-- suite-section-title -->
            <div class="suite-section-content">
              <ul>
                <li>
                  <a href="#" panel-name="test-xml-RPM_LOGIN" class="navigator-link ">
                    <span>C:\Users\Kavanant\Automation testing\RPM\testng.xml</span>
                  </a> <!-- navigator-link  -->
                </li>
                <li>
                  <a href="#" panel-name="testlist-RPM_LOGIN" class="navigator-link ">
                    <span class="test-stats">2 tests</span>
                  </a> <!-- navigator-link  -->
                </li>
                <li>
                  <a href="#" panel-name="group-RPM_LOGIN" class="navigator-link ">
                    <span>0 groups</span>
                  </a> <!-- navigator-link  -->
                </li>
                <li>
                  <a href="#" panel-name="times-RPM_LOGIN" class="navigator-link ">
                    <span>Times</span>
                  </a> <!-- navigator-link  -->
                </li>
                <li>
                  <a href="#" panel-name="reporter-RPM_LOGIN" class="navigator-link ">
                    <span>Reporter output</span>
                  </a> <!-- navigator-link  -->
                </li>
                <li>
                  <a href="#" panel-name="ignored-methods-RPM_LOGIN" class="navigator-link ">
                    <span>Ignored methods</span>
                  </a> <!-- navigator-link  -->
                </li>
                <li>
                  <a href="#" panel-name="chronological-RPM_LOGIN" class="navigator-link ">
                    <span>Chronological view</span>
                  </a> <!-- navigator-link  -->
                </li>
              </ul>
            </div> <!-- suite-section-content -->
            <div class="result-section">
              <div class="suite-section-title">
                <span>Results</span>
              </div> <!-- suite-section-title -->
              <div class="suite-section-content">
                <ul>
                  <li>
                    <span class="method-stats">15 methods, 12 failed,   3 passed</span>
                  </li>
                  <li>
                    <span class="method-list-title failed">Failed methods</span>
                    <span class="show-or-hide-methods failed">
                      <a href="#" panel-name="suite-RPM_LOGIN" class="hide-methods failed suite-RPM_LOGIN"> (hide)</a> <!-- hide-methods failed suite-RPM_LOGIN -->
                      <a href="#" panel-name="suite-RPM_LOGIN" class="show-methods failed suite-RPM_LOGIN"> (show)</a> <!-- show-methods failed suite-RPM_LOGIN -->
                    </span>
                    <div class="method-list-content failed suite-RPM_LOGIN">
                      <span>
                        <img src="failed.png" width="3%"/>
                        <a href="#" panel-name="suite-RPM_LOGIN" title="com.practicexmltestNGParameters.Parameters.RpmMaster" class="method navigator-link" hash-for-method="addCareTeamToPatient">addCareTeamToPatient</a> <!-- method navigator-link -->
                      </span>
                      <br/>
                      <span>
                        <img src="failed.png" width="3%"/>
                        <a href="#" panel-name="suite-RPM_LOGIN" title="com.practicexmltestNGParameters.Parameters.RpmMaster" class="method navigator-link" hash-for-method="addNewPatient">addNewPatient</a> <!-- method navigator-link -->
                      </span>
                      <br/>
                      <span>
                        <img src="failed.png" width="3%"/>
                        <a href="#" panel-name="suite-RPM_LOGIN" title="com.practicexmltestNGParameters.Parameters.RpmMaster" class="method navigator-link" hash-for-method="createPatientEnrollment">createPatientEnrollment</a> <!-- method navigator-link -->
                      </span>
                      <br/>
                      <span>
                        <img src="failed.png" width="3%"/>
                        <a href="#" panel-name="suite-RPM_LOGIN" title="com.practicexmltestNGParameters.Parameters.RpmMaster" class="method navigator-link" hash-for-method="enterUserDetails(akshay.d@kavanant.com, Sandeep@1234)">enterUserDetails(akshay.d@kavanant.com, Sandeep@1234)</a> <!-- method navigator-link -->
                      </span>
                      <br/>
                      <span>
                        <img src="failed.png" width="3%"/>
                        <a href="#" panel-name="suite-RPM_LOGIN" title="com.practicexmltestNGParameters.Parameters.RpmPatient" class="method navigator-link" hash-for-method="loginedUserNameChech">loginedUserNameChech</a> <!-- method navigator-link -->
                      </span>
                      <br/>
                      <span>
                        <img src="failed.png" width="3%"/>
                        <a href="#" panel-name="suite-RPM_LOGIN" title="com.practicexmltestNGParameters.Parameters.RpmMaster" class="method navigator-link" hash-for-method="loginedUserNameChech">loginedUserNameChech</a> <!-- method navigator-link -->
                      </span>
                      <br/>
                      <span>
                        <img src="failed.png" width="3%"/>
                        <a href="#" panel-name="suite-RPM_LOGIN" title="com.practicexmltestNGParameters.Parameters.RpmMaster" class="method navigator-link" hash-for-method="masterDOC">masterDOC</a> <!-- method navigator-link -->
                      </span>
                      <br/>
                      <span>
                        <img src="failed.png" width="3%"/>
                        <a href="#" panel-name="suite-RPM_LOGIN" title="com.practicexmltestNGParameters.Parameters.RpmMaster" class="method navigator-link" hash-for-method="masterIcon">masterIcon</a> <!-- method navigator-link -->
                      </span>
                      <br/>
                      <span>
                        <img src="failed.png" width="3%"/>
                        <a href="#" panel-name="suite-RPM_LOGIN" title="com.practicexmltestNGParameters.Parameters.RpmMaster" class="method navigator-link" hash-for-method="patSearch">patSearch</a> <!-- method navigator-link -->
                      </span>
                      <br/>
                      <span>
                        <img src="failed.png" width="3%"/>
                        <a href="#" panel-name="suite-RPM_LOGIN" title="com.practicexmltestNGParameters.Parameters.RpmMaster" class="method navigator-link" hash-for-method="patientDemographis">patientDemographis</a> <!-- method navigator-link -->
                      </span>
                      <br/>
                      <span>
                        <img src="failed.png" width="3%"/>
                        <a href="#" panel-name="suite-RPM_LOGIN" title="com.practicexmltestNGParameters.Parameters.RpmMaster" class="method navigator-link" hash-for-method="patientDocument">patientDocument</a> <!-- method navigator-link -->
                      </span>
                      <br/>
                      <span>
                        <img src="failed.png" width="3%"/>
                        <a href="#" panel-name="suite-RPM_LOGIN" title="com.practicexmltestNGParameters.Parameters.RpmMaster" class="method navigator-link" hash-for-method="patientInsurence">patientInsurence</a> <!-- method navigator-link -->
                      </span>
                      <br/>
                    </div> <!-- method-list-content failed suite-RPM_LOGIN -->
                  </li>
                  <li>
                    <span class="method-list-title passed">Passed methods</span>
                    <span class="show-or-hide-methods passed">
                      <a href="#" panel-name="suite-RPM_LOGIN" class="hide-methods passed suite-RPM_LOGIN"> (hide)</a> <!-- hide-methods passed suite-RPM_LOGIN -->
                      <a href="#" panel-name="suite-RPM_LOGIN" class="show-methods passed suite-RPM_LOGIN"> (show)</a> <!-- show-methods passed suite-RPM_LOGIN -->
                    </span>
                    <div class="method-list-content passed suite-RPM_LOGIN">
                      <span>
                        <img src="passed.png" width="3%"/>
                        <a href="#" panel-name="suite-RPM_LOGIN" title="com.practicexmltestNGParameters.Parameters.RpmPatient" class="method navigator-link" hash-for-method="enterUserDetails(akshay.d@kavanant.com, Sandeep@1234)">enterUserDetails(akshay.d@kavanant.com, Sandeep@1234)</a> <!-- method navigator-link -->
                      </span>
                      <br/>
                      <span>
                        <img src="passed.png" width="3%"/>
                        <a href="#" panel-name="suite-RPM_LOGIN" title="com.practicexmltestNGParameters.Parameters.RpmPatient" class="method navigator-link" hash-for-method="lunchApp(https://devrpm.kavanant.com/)">lunchApp(https://devrpm.kavanant.com/)</a> <!-- method navigator-link -->
                      </span>
                      <br/>
                      <span>
                        <img src="passed.png" width="3%"/>
                        <a href="#" panel-name="suite-RPM_LOGIN" title="com.practicexmltestNGParameters.Parameters.RpmMaster" class="method navigator-link" hash-for-method="lunchApp(https://devrpm.kavanant.com/)">lunchApp(https://devrpm.kavanant.com/)</a> <!-- method navigator-link -->
                      </span>
                      <br/>
                    </div> <!-- method-list-content passed suite-RPM_LOGIN -->
                  </li>
                </ul>
              </div> <!-- suite-section-content -->
            </div> <!-- result-section -->
          </div> <!-- navigator-suite-content -->
        </div> <!-- rounded-window -->
      </div> <!-- suite -->
    </div> <!-- navigator-root -->
    <div class="wrapper">
      <div class="main-panel-root">
        <div panel-name="suite-RPM_LOGIN" class="panel RPM_LOGIN">
          <div class="suite-RPM_LOGIN-class-failed">
            <div class="main-panel-header rounded-window-top">
              <img src="failed.png"/>
              <span class="class-name">com.practicexmltestNGParameters.Parameters.RpmMaster</span>
            </div> <!-- main-panel-header rounded-window-top -->
            <div class="main-panel-content rounded-window-bottom">
              <div class="method">
                <div class="method-content">
                  <a name="addCareTeamToPatient">
                  </a> <!-- addCareTeamToPatient -->
                  <span class="method-name">addCareTeamToPatient</span>
                  <div class="stack-trace">org.openqa.selenium.NoSuchElementException: no such element: Unable to locate element: {&quot;method&quot;:&quot;xpath&quot;,&quot;selector&quot;:&quot;//span[@class=&apos;item-label ng-tns-c309-25&apos;]&quot;}
  (Session info: chrome=123.0.6312.124)
For documentation on this error, please visit: https://www.selenium.dev/documentation/webdriver/troubleshooting/errors#no-such-element-exception
Build info: version: &apos;4.16.1&apos;, revision: &apos;9b4c83354e&apos;
System info: os.name: &apos;Windows 11&apos;, os.arch: &apos;amd64&apos;, os.version: &apos;10.0&apos;, java.version: &apos;17.0.10&apos;
Driver info: org.openqa.selenium.chrome.ChromeDriver
Command: [bb66491d02ab607b70725f9aa418a16f, findElement {using=xpath, value=//span[@class=&apos;item-label ng-tns-c309-25&apos;]}]
Capabilities {acceptInsecureCerts: false, browserName: chrome, browserVersion: 123.0.6312.124, chrome: {chromedriverVersion: 123.0.6312.122 (31f8248cdd9..., userDataDir: C:\Users\Kavanant\AppData\L...}, fedcm:accounts: true, goog:chromeOptions: {debuggerAddress: localhost:59237}, networkConnectionEnabled: false, pageLoadStrategy: normal, platformName: windows, proxy: Proxy(), se:cdp: ws://localhost:59237/devtoo..., se:cdpVersion: 123.0.6312.124, setWindowRect: true, strictFileInteractability: false, timeouts: {implicit: 0, pageLoad: 300000, script: 30000}, unhandledPromptBehavior: dismiss and notify, webauthn:extension:credBlob: true, webauthn:extension:largeBlob: true, webauthn:extension:minPinLength: true, webauthn:extension:prf: true, webauthn:virtualAuthenticators: true}
Session ID: bb66491d02ab607b70725f9aa418a16f
	at org.openqa.selenium.remote.codec.w3c.W3CHttpResponseCodec.createException(W3CHttpResponseCodec.java:200)
	at org.openqa.selenium.remote.codec.w3c.W3CHttpResponseCodec.decode(W3CHttpResponseCodec.java:133)
	at org.openqa.selenium.remote.codec.w3c.W3CHttpResponseCodec.decode(W3CHttpResponseCodec.java:52)
	at org.openqa.selenium.remote.HttpCommandExecutor.execute(HttpCommandExecutor.java:191)
	at org.openqa.selenium.remote.service.DriverCommandExecutor.invokeExecute(DriverCommandExecutor.java:200)
	at org.openqa.selenium.remote.service.DriverCommandExecutor.execute(DriverCommandExecutor.java:175)
	at org.openqa.selenium.remote.RemoteWebDriver.execute(RemoteWebDriver.java:523)
	at org.openqa.selenium.remote.ElementLocation$ElementFinder$2.findElement(ElementLocation.java:165)
	at org.openqa.selenium.remote.ElementLocation.findElement(ElementLocation.java:59)
	at org.openqa.selenium.remote.RemoteWebDriver.findElement(RemoteWebDriver.java:360)
	at org.openqa.selenium.remote.RemoteWebDriver.findElement(RemoteWebDriver.java:354)
	at com.practicexmltestNGParameters.Parameters.RpmPatient.addCareTeamToPatient(RpmPatient.java:189)
	at java.base/java.util.ArrayList.forEach(ArrayList.java:1511)
... Removed 32 stack frames
</div> <!-- stack-trace -->
                </div> <!-- method-content -->
              </div> <!-- method -->
              <div class="method">
                <div class="method-content">
                  <a name="addNewPatient">
                  </a> <!-- addNewPatient -->
                  <span class="method-name">addNewPatient</span>
                  <div class="stack-trace">org.openqa.selenium.NoSuchElementException: no such element: Unable to locate element: {&quot;method&quot;:&quot;xpath&quot;,&quot;selector&quot;:&quot;/html/body/vex-root/vex-custom-layout/vex-layout/div/mat-sidenav-container/mat-sidenav[1]/div/vex-sidenav/div/vex-scrollbar/div[1]/div[2]/div/div/div/div/vex-sidenav-item[1]/a&quot;}
  (Session info: chrome=123.0.6312.124)
For documentation on this error, please visit: https://www.selenium.dev/documentation/webdriver/troubleshooting/errors#no-such-element-exception
Build info: version: &apos;4.16.1&apos;, revision: &apos;9b4c83354e&apos;
System info: os.name: &apos;Windows 11&apos;, os.arch: &apos;amd64&apos;, os.version: &apos;10.0&apos;, java.version: &apos;17.0.10&apos;
Driver info: org.openqa.selenium.chrome.ChromeDriver
Command: [bb66491d02ab607b70725f9aa418a16f, findElement {using=xpath, value=/html/body/vex-root/vex-custom-layout/vex-layout/div/mat-sidenav-container/mat-sidenav[1]/div/vex-sidenav/div/vex-scrollbar/div[1]/div[2]/div/div/div/div/vex-sidenav-item[1]/a}]
Capabilities {acceptInsecureCerts: false, browserName: chrome, browserVersion: 123.0.6312.124, chrome: {chromedriverVersion: 123.0.6312.122 (31f8248cdd9..., userDataDir: C:\Users\Kavanant\AppData\L...}, fedcm:accounts: true, goog:chromeOptions: {debuggerAddress: localhost:59237}, networkConnectionEnabled: false, pageLoadStrategy: normal, platformName: windows, proxy: Proxy(), se:cdp: ws://localhost:59237/devtoo..., se:cdpVersion: 123.0.6312.124, setWindowRect: true, strictFileInteractability: false, timeouts: {implicit: 0, pageLoad: 300000, script: 30000}, unhandledPromptBehavior: dismiss and notify, webauthn:extension:credBlob: true, webauthn:extension:largeBlob: true, webauthn:extension:minPinLength: true, webauthn:extension:prf: true, webauthn:virtualAuthenticators: true}
Session ID: bb66491d02ab607b70725f9aa418a16f
	at org.openqa.selenium.remote.codec.w3c.W3CHttpResponseCodec.createException(W3CHttpResponseCodec.java:200)
	at org.openqa.selenium.remote.codec.w3c.W3CHttpResponseCodec.decode(W3CHttpResponseCodec.java:133)
	at org.openqa.selenium.remote.codec.w3c.W3CHttpResponseCodec.decode(W3CHttpResponseCodec.java:52)
	at org.openqa.selenium.remote.HttpCommandExecutor.execute(HttpCommandExecutor.java:191)
	at org.openqa.selenium.remote.service.DriverCommandExecutor.invokeExecute(DriverCommandExecutor.java:200)
	at org.openqa.selenium.remote.service.DriverCommandExecutor.execute(DriverCommandExecutor.java:175)
	at org.openqa.selenium.remote.RemoteWebDriver.execute(RemoteWebDriver.java:523)
	at org.openqa.selenium.remote.ElementLocation$ElementFinder$2.findElement(ElementLocation.java:165)
	at org.openqa.selenium.remote.ElementLocation.findElement(ElementLocation.java:59)
	at org.openqa.selenium.remote.RemoteWebDriver.findElement(RemoteWebDriver.java:360)
	at org.openqa.selenium.remote.RemoteWebDriver.findElement(RemoteWebDriver.java:354)
	at com.practicexmltestNGParameters.Parameters.RpmPatient.addNewPatient(RpmPatient.java:112)
	at java.base/java.util.ArrayList.forEach(ArrayList.java:1511)
... Removed 32 stack frames
</div> <!-- stack-trace -->
                </div> <!-- method-content -->
              </div> <!-- method -->
              <div class="method">
                <div class="method-content">
                  <a name="createPatientEnrollment">
                  </a> <!-- createPatientEnrollment -->
                  <span class="method-name">createPatientEnrollment</span>
                  <div class="stack-trace">org.openqa.selenium.NoSuchElementException: no such element: Unable to locate element: {&quot;method&quot;:&quot;xpath&quot;,&quot;selector&quot;:&quot;//span[@class=&apos;item-label ng-tns-c309-23&apos;]&quot;}
  (Session info: chrome=123.0.6312.124)
For documentation on this error, please visit: https://www.selenium.dev/documentation/webdriver/troubleshooting/errors#no-such-element-exception
Build info: version: &apos;4.16.1&apos;, revision: &apos;9b4c83354e&apos;
System info: os.name: &apos;Windows 11&apos;, os.arch: &apos;amd64&apos;, os.version: &apos;10.0&apos;, java.version: &apos;17.0.10&apos;
Driver info: org.openqa.selenium.chrome.ChromeDriver
Command: [bb66491d02ab607b70725f9aa418a16f, findElement {using=xpath, value=//span[@class=&apos;item-label ng-tns-c309-23&apos;]}]
Capabilities {acceptInsecureCerts: false, browserName: chrome, browserVersion: 123.0.6312.124, chrome: {chromedriverVersion: 123.0.6312.122 (31f8248cdd9..., userDataDir: C:\Users\Kavanant\AppData\L...}, fedcm:accounts: true, goog:chromeOptions: {debuggerAddress: localhost:59237}, networkConnectionEnabled: false, pageLoadStrategy: normal, platformName: windows, proxy: Proxy(), se:cdp: ws://localhost:59237/devtoo..., se:cdpVersion: 123.0.6312.124, setWindowRect: true, strictFileInteractability: false, timeouts: {implicit: 0, pageLoad: 300000, script: 30000}, unhandledPromptBehavior: dismiss and notify, webauthn:extension:credBlob: true, webauthn:extension:largeBlob: true, webauthn:extension:minPinLength: true, webauthn:extension:prf: true, webauthn:virtualAuthenticators: true}
Session ID: bb66491d02ab607b70725f9aa418a16f
	at org.openqa.selenium.remote.codec.w3c.W3CHttpResponseCodec.createException(W3CHttpResponseCodec.java:200)
	at org.openqa.selenium.remote.codec.w3c.W3CHttpResponseCodec.decode(W3CHttpResponseCodec.java:133)
	at org.openqa.selenium.remote.codec.w3c.W3CHttpResponseCodec.decode(W3CHttpResponseCodec.java:52)
	at org.openqa.selenium.remote.HttpCommandExecutor.execute(HttpCommandExecutor.java:191)
	at org.openqa.selenium.remote.service.DriverCommandExecutor.invokeExecute(DriverCommandExecutor.java:200)
	at org.openqa.selenium.remote.service.DriverCommandExecutor.execute(DriverCommandExecutor.java:175)
	at org.openqa.selenium.remote.RemoteWebDriver.execute(RemoteWebDriver.java:523)
	at org.openqa.selenium.remote.ElementLocation$ElementFinder$2.findElement(ElementLocation.java:165)
	at org.openqa.selenium.remote.ElementLocation.findElement(ElementLocation.java:59)
	at org.openqa.selenium.remote.RemoteWebDriver.findElement(RemoteWebDriver.java:360)
	at org.openqa.selenium.remote.RemoteWebDriver.findElement(RemoteWebDriver.java:354)
	at com.practicexmltestNGParameters.Parameters.RpmPatient.createPatientEnrollment(RpmPatient.java:168)
	at java.base/java.util.ArrayList.forEach(ArrayList.java:1511)
... Removed 32 stack frames
</div> <!-- stack-trace -->
                </div> <!-- method-content -->
              </div> <!-- method -->
              <div class="method">
                <div class="method-content">
                  <a name="enterUserDetails(akshay.d@kavanant.com, Sandeep@1234)">
                  </a> <!-- enterUserDetails(akshay.d@kavanant.com, Sandeep@1234) -->
                  <span class="method-name">enterUserDetails</span>
                  <span class="parameters">(akshay.d@kavanant.com,Sandeep@1234)</span>
                  <div class="stack-trace">org.openqa.selenium.NoSuchElementException: no such element: Unable to locate element: {&quot;method&quot;:&quot;xpath&quot;,&quot;selector&quot;:&quot;//input[@formcontrolname=&apos;username&apos;]&quot;}
  (Session info: chrome=123.0.6312.124)
For documentation on this error, please visit: https://www.selenium.dev/documentation/webdriver/troubleshooting/errors#no-such-element-exception
Build info: version: &apos;4.16.1&apos;, revision: &apos;9b4c83354e&apos;
System info: os.name: &apos;Windows 11&apos;, os.arch: &apos;amd64&apos;, os.version: &apos;10.0&apos;, java.version: &apos;17.0.10&apos;
Driver info: org.openqa.selenium.chrome.ChromeDriver
Command: [bb66491d02ab607b70725f9aa418a16f, findElement {using=xpath, value=//input[@formcontrolname=&apos;username&apos;]}]
Capabilities {acceptInsecureCerts: false, browserName: chrome, browserVersion: 123.0.6312.124, chrome: {chromedriverVersion: 123.0.6312.122 (31f8248cdd9..., userDataDir: C:\Users\Kavanant\AppData\L...}, fedcm:accounts: true, goog:chromeOptions: {debuggerAddress: localhost:59237}, networkConnectionEnabled: false, pageLoadStrategy: normal, platformName: windows, proxy: Proxy(), se:cdp: ws://localhost:59237/devtoo..., se:cdpVersion: 123.0.6312.124, setWindowRect: true, strictFileInteractability: false, timeouts: {implicit: 0, pageLoad: 300000, script: 30000}, unhandledPromptBehavior: dismiss and notify, webauthn:extension:credBlob: true, webauthn:extension:largeBlob: true, webauthn:extension:minPinLength: true, webauthn:extension:prf: true, webauthn:virtualAuthenticators: true}
Session ID: bb66491d02ab607b70725f9aa418a16f
	at org.openqa.selenium.remote.codec.w3c.W3CHttpResponseCodec.createException(W3CHttpResponseCodec.java:200)
	at org.openqa.selenium.remote.codec.w3c.W3CHttpResponseCodec.decode(W3CHttpResponseCodec.java:133)
	at org.openqa.selenium.remote.codec.w3c.W3CHttpResponseCodec.decode(W3CHttpResponseCodec.java:52)
	at org.openqa.selenium.remote.HttpCommandExecutor.execute(HttpCommandExecutor.java:191)
	at org.openqa.selenium.remote.service.DriverCommandExecutor.invokeExecute(DriverCommandExecutor.java:200)
	at org.openqa.selenium.remote.service.DriverCommandExecutor.execute(DriverCommandExecutor.java:175)
	at org.openqa.selenium.remote.RemoteWebDriver.execute(RemoteWebDriver.java:523)
	at org.openqa.selenium.remote.ElementLocation$ElementFinder$2.findElement(ElementLocation.java:165)
	at org.openqa.selenium.remote.ElementLocation.findElement(ElementLocation.java:59)
	at org.openqa.selenium.remote.RemoteWebDriver.findElement(RemoteWebDriver.java:360)
	at org.openqa.selenium.remote.RemoteWebDriver.findElement(RemoteWebDriver.java:354)
	at com.practicexmltestNGParameters.Parameters.RpmPatient.enterUserDetails(RpmPatient.java:68)
	at java.base/java.util.ArrayList.forEach(ArrayList.java:1511)
... Removed 32 stack frames
</div> <!-- stack-trace -->
                </div> <!-- method-content -->
              </div> <!-- method -->
              <div class="method">
                <div class="method-content">
                  <a name="loginedUserNameChech">
                  </a> <!-- loginedUserNameChech -->
                  <span class="method-name">loginedUserNameChech</span>
                  <div class="stack-trace">java.lang.AssertionError: The following asserts failed:
	login username and care maneger expected [Akshey] but found [Akshe]
	at com.practicexmltestNGParameters.Parameters.RpmPatient.loginedUserNameChech(RpmPatient.java:90)
	at java.base/java.util.ArrayList.forEach(ArrayList.java:1511)
... Removed 29 stack frames
</div> <!-- stack-trace -->
                </div> <!-- method-content -->
              </div> <!-- method -->
              <div class="method">
                <div class="method-content">
                  <a name="masterDOC">
                  </a> <!-- masterDOC -->
                  <span class="method-name">masterDOC</span>
                  <div class="stack-trace">org.openqa.selenium.NoSuchElementException: no such element: Unable to locate element: {&quot;method&quot;:&quot;link text&quot;,&quot;selector&quot;:&quot;Document&quot;}
  (Session info: chrome=123.0.6312.124)
For documentation on this error, please visit: https://www.selenium.dev/documentation/webdriver/troubleshooting/errors#no-such-element-exception
Build info: version: &apos;4.16.1&apos;, revision: &apos;9b4c83354e&apos;
System info: os.name: &apos;Windows 11&apos;, os.arch: &apos;amd64&apos;, os.version: &apos;10.0&apos;, java.version: &apos;17.0.10&apos;
Driver info: org.openqa.selenium.chrome.ChromeDriver
Command: [bb66491d02ab607b70725f9aa418a16f, findElement {using=link text, value=Document}]
Capabilities {acceptInsecureCerts: false, browserName: chrome, browserVersion: 123.0.6312.124, chrome: {chromedriverVersion: 123.0.6312.122 (31f8248cdd9..., userDataDir: C:\Users\Kavanant\AppData\L...}, fedcm:accounts: true, goog:chromeOptions: {debuggerAddress: localhost:59237}, networkConnectionEnabled: false, pageLoadStrategy: normal, platformName: windows, proxy: Proxy(), se:cdp: ws://localhost:59237/devtoo..., se:cdpVersion: 123.0.6312.124, setWindowRect: true, strictFileInteractability: false, timeouts: {implicit: 0, pageLoad: 300000, script: 30000}, unhandledPromptBehavior: dismiss and notify, webauthn:extension:credBlob: true, webauthn:extension:largeBlob: true, webauthn:extension:minPinLength: true, webauthn:extension:prf: true, webauthn:virtualAuthenticators: true}
Session ID: bb66491d02ab607b70725f9aa418a16f
	at org.openqa.selenium.remote.codec.w3c.W3CHttpResponseCodec.createException(W3CHttpResponseCodec.java:200)
	at org.openqa.selenium.remote.codec.w3c.W3CHttpResponseCodec.decode(W3CHttpResponseCodec.java:133)
	at org.openqa.selenium.remote.codec.w3c.W3CHttpResponseCodec.decode(W3CHttpResponseCodec.java:52)
	at org.openqa.selenium.remote.HttpCommandExecutor.execute(HttpCommandExecutor.java:191)
	at org.openqa.selenium.remote.service.DriverCommandExecutor.invokeExecute(DriverCommandExecutor.java:200)
	at org.openqa.selenium.remote.service.DriverCommandExecutor.execute(DriverCommandExecutor.java:175)
	at org.openqa.selenium.remote.RemoteWebDriver.execute(RemoteWebDriver.java:523)
	at org.openqa.selenium.remote.ElementLocation$ElementFinder$2.findElement(ElementLocation.java:165)
	at org.openqa.selenium.remote.ElementLocation.findElement(ElementLocation.java:59)
	at org.openqa.selenium.remote.RemoteWebDriver.findElement(RemoteWebDriver.java:360)
	at org.openqa.selenium.remote.RemoteWebDriver.findElement(RemoteWebDriver.java:354)
	at com.practicexmltestNGParameters.Parameters.RpmMaster.masterDOC(RpmMaster.java:25)
	at java.base/java.util.ArrayList.forEach(ArrayList.java:1511)
... Removed 32 stack frames
</div> <!-- stack-trace -->
                </div> <!-- method-content -->
              </div> <!-- method -->
              <div class="method">
                <div class="method-content">
                  <a name="masterIcon">
                  </a> <!-- masterIcon -->
                  <span class="method-name">masterIcon</span>
                  <div class="stack-trace">org.openqa.selenium.NoSuchElementException: no such element: Unable to locate element: {&quot;method&quot;:&quot;xpath&quot;,&quot;selector&quot;:&quot;//div[@class=&apos;mat-ripple flex items-center rounded cursor-pointer relative trans-ease-out select-none py-1 pr-1 pl-3 hover:bg-hover&apos;]&quot;}
  (Session info: chrome=123.0.6312.124)
For documentation on this error, please visit: https://www.selenium.dev/documentation/webdriver/troubleshooting/errors#no-such-element-exception
Build info: version: &apos;4.16.1&apos;, revision: &apos;9b4c83354e&apos;
System info: os.name: &apos;Windows 11&apos;, os.arch: &apos;amd64&apos;, os.version: &apos;10.0&apos;, java.version: &apos;17.0.10&apos;
Driver info: org.openqa.selenium.chrome.ChromeDriver
Command: [bb66491d02ab607b70725f9aa418a16f, findElement {using=xpath, value=//div[@class=&apos;mat-ripple flex items-center rounded cursor-pointer relative trans-ease-out select-none py-1 pr-1 pl-3 hover:bg-hover&apos;]}]
Capabilities {acceptInsecureCerts: false, browserName: chrome, browserVersion: 123.0.6312.124, chrome: {chromedriverVersion: 123.0.6312.122 (31f8248cdd9..., userDataDir: C:\Users\Kavanant\AppData\L...}, fedcm:accounts: true, goog:chromeOptions: {debuggerAddress: localhost:59237}, networkConnectionEnabled: false, pageLoadStrategy: normal, platformName: windows, proxy: Proxy(), se:cdp: ws://localhost:59237/devtoo..., se:cdpVersion: 123.0.6312.124, setWindowRect: true, strictFileInteractability: false, timeouts: {implicit: 0, pageLoad: 300000, script: 30000}, unhandledPromptBehavior: dismiss and notify, webauthn:extension:credBlob: true, webauthn:extension:largeBlob: true, webauthn:extension:minPinLength: true, webauthn:extension:prf: true, webauthn:virtualAuthenticators: true}
Session ID: bb66491d02ab607b70725f9aa418a16f
	at org.openqa.selenium.remote.codec.w3c.W3CHttpResponseCodec.createException(W3CHttpResponseCodec.java:200)
	at org.openqa.selenium.remote.codec.w3c.W3CHttpResponseCodec.decode(W3CHttpResponseCodec.java:133)
	at org.openqa.selenium.remote.codec.w3c.W3CHttpResponseCodec.decode(W3CHttpResponseCodec.java:52)
	at org.openqa.selenium.remote.HttpCommandExecutor.execute(HttpCommandExecutor.java:191)
	at org.openqa.selenium.remote.service.DriverCommandExecutor.invokeExecute(DriverCommandExecutor.java:200)
	at org.openqa.selenium.remote.service.DriverCommandExecutor.execute(DriverCommandExecutor.java:175)
	at org.openqa.selenium.remote.RemoteWebDriver.execute(RemoteWebDriver.java:523)
	at org.openqa.selenium.remote.ElementLocation$ElementFinder$2.findElement(ElementLocation.java:165)
	at org.openqa.selenium.remote.ElementLocation.findElement(ElementLocation.java:59)
	at org.openqa.selenium.remote.RemoteWebDriver.findElement(RemoteWebDriver.java:360)
	at org.openqa.selenium.remote.RemoteWebDriver.findElement(RemoteWebDriver.java:354)
	at com.practicexmltestNGParameters.Parameters.RpmMaster.masterIcon(RpmMaster.java:17)
	at java.base/java.util.ArrayList.forEach(ArrayList.java:1511)
... Removed 32 stack frames
</div> <!-- stack-trace -->
                </div> <!-- method-content -->
              </div> <!-- method -->
              <div class="method">
                <div class="method-content">
                  <a name="patSearch">
                  </a> <!-- patSearch -->
                  <span class="method-name">patSearch</span>
                  <div class="stack-trace">org.openqa.selenium.NoSuchElementException: no such element: Unable to locate element: {&quot;method&quot;:&quot;xpath&quot;,&quot;selector&quot;:&quot;//button[@mattooltip=&apos;Search Patient&apos;]&quot;}
  (Session info: chrome=123.0.6312.124)
For documentation on this error, please visit: https://www.selenium.dev/documentation/webdriver/troubleshooting/errors#no-such-element-exception
Build info: version: &apos;4.16.1&apos;, revision: &apos;9b4c83354e&apos;
System info: os.name: &apos;Windows 11&apos;, os.arch: &apos;amd64&apos;, os.version: &apos;10.0&apos;, java.version: &apos;17.0.10&apos;
Driver info: org.openqa.selenium.chrome.ChromeDriver
Command: [bb66491d02ab607b70725f9aa418a16f, findElement {using=xpath, value=//button[@mattooltip=&apos;Search Patient&apos;]}]
Capabilities {acceptInsecureCerts: false, browserName: chrome, browserVersion: 123.0.6312.124, chrome: {chromedriverVersion: 123.0.6312.122 (31f8248cdd9..., userDataDir: C:\Users\Kavanant\AppData\L...}, fedcm:accounts: true, goog:chromeOptions: {debuggerAddress: localhost:59237}, networkConnectionEnabled: false, pageLoadStrategy: normal, platformName: windows, proxy: Proxy(), se:cdp: ws://localhost:59237/devtoo..., se:cdpVersion: 123.0.6312.124, setWindowRect: true, strictFileInteractability: false, timeouts: {implicit: 0, pageLoad: 300000, script: 30000}, unhandledPromptBehavior: dismiss and notify, webauthn:extension:credBlob: true, webauthn:extension:largeBlob: true, webauthn:extension:minPinLength: true, webauthn:extension:prf: true, webauthn:virtualAuthenticators: true}
Session ID: bb66491d02ab607b70725f9aa418a16f
	at org.openqa.selenium.remote.codec.w3c.W3CHttpResponseCodec.createException(W3CHttpResponseCodec.java:200)
	at org.openqa.selenium.remote.codec.w3c.W3CHttpResponseCodec.decode(W3CHttpResponseCodec.java:133)
	at org.openqa.selenium.remote.codec.w3c.W3CHttpResponseCodec.decode(W3CHttpResponseCodec.java:52)
	at org.openqa.selenium.remote.HttpCommandExecutor.execute(HttpCommandExecutor.java:191)
	at org.openqa.selenium.remote.service.DriverCommandExecutor.invokeExecute(DriverCommandExecutor.java:200)
	at org.openqa.selenium.remote.service.DriverCommandExecutor.execute(DriverCommandExecutor.java:175)
	at org.openqa.selenium.remote.RemoteWebDriver.execute(RemoteWebDriver.java:523)
	at org.openqa.selenium.remote.ElementLocation$ElementFinder$2.findElement(ElementLocation.java:165)
	at org.openqa.selenium.remote.ElementLocation.findElement(ElementLocation.java:59)
	at org.openqa.selenium.remote.RemoteWebDriver.findElement(RemoteWebDriver.java:360)
	at org.openqa.selenium.remote.RemoteWebDriver.findElement(RemoteWebDriver.java:354)
	at com.practicexmltestNGParameters.Parameters.RpmPatient.patSearch(RpmPatient.java:97)
	at java.base/java.util.ArrayList.forEach(ArrayList.java:1511)
... Removed 32 stack frames
</div> <!-- stack-trace -->
                </div> <!-- method-content -->
              </div> <!-- method -->
              <div class="method">
                <div class="method-content">
                  <a name="patientDemographis">
                  </a> <!-- patientDemographis -->
                  <span class="method-name">patientDemographis</span>
                  <div class="stack-trace">org.openqa.selenium.NoSuchElementException: no such element: Unable to locate element: {&quot;method&quot;:&quot;xpath&quot;,&quot;selector&quot;:&quot;/html/body/vex-root/vex-custom-layout/vex-layout/div/mat-sidenav-container/mat-sidenav[1]/div/vex-sidenav/div/vex-scrollbar/div[1]/div[2]/div/div/div/div/vex-sidenav-item[2]/div[2]/vex-sidenav-item[5]/a&quot;}
  (Session info: chrome=123.0.6312.124)
For documentation on this error, please visit: https://www.selenium.dev/documentation/webdriver/troubleshooting/errors#no-such-element-exception
Build info: version: &apos;4.16.1&apos;, revision: &apos;9b4c83354e&apos;
System info: os.name: &apos;Windows 11&apos;, os.arch: &apos;amd64&apos;, os.version: &apos;10.0&apos;, java.version: &apos;17.0.10&apos;
Driver info: org.openqa.selenium.chrome.ChromeDriver
Command: [bb66491d02ab607b70725f9aa418a16f, findElement {using=xpath, value=/html/body/vex-root/vex-custom-layout/vex-layout/div/mat-sidenav-container/mat-sidenav[1]/div/vex-sidenav/div/vex-scrollbar/div[1]/div[2]/div/div/div/div/vex-sidenav-item[2]/div[2]/vex-sidenav-item[5]/a}]
Capabilities {acceptInsecureCerts: false, browserName: chrome, browserVersion: 123.0.6312.124, chrome: {chromedriverVersion: 123.0.6312.122 (31f8248cdd9..., userDataDir: C:\Users\Kavanant\AppData\L...}, fedcm:accounts: true, goog:chromeOptions: {debuggerAddress: localhost:59237}, networkConnectionEnabled: false, pageLoadStrategy: normal, platformName: windows, proxy: Proxy(), se:cdp: ws://localhost:59237/devtoo..., se:cdpVersion: 123.0.6312.124, setWindowRect: true, strictFileInteractability: false, timeouts: {implicit: 0, pageLoad: 300000, script: 30000}, unhandledPromptBehavior: dismiss and notify, webauthn:extension:credBlob: true, webauthn:extension:largeBlob: true, webauthn:extension:minPinLength: true, webauthn:extension:prf: true, webauthn:virtualAuthenticators: true}
Session ID: bb66491d02ab607b70725f9aa418a16f
	at org.openqa.selenium.remote.codec.w3c.W3CHttpResponseCodec.createException(W3CHttpResponseCodec.java:200)
	at org.openqa.selenium.remote.codec.w3c.W3CHttpResponseCodec.decode(W3CHttpResponseCodec.java:133)
	at org.openqa.selenium.remote.codec.w3c.W3CHttpResponseCodec.decode(W3CHttpResponseCodec.java:52)
	at org.openqa.selenium.remote.HttpCommandExecutor.execute(HttpCommandExecutor.java:191)
	at org.openqa.selenium.remote.service.DriverCommandExecutor.invokeExecute(DriverCommandExecutor.java:200)
	at org.openqa.selenium.remote.service.DriverCommandExecutor.execute(DriverCommandExecutor.java:175)
	at org.openqa.selenium.remote.RemoteWebDriver.execute(RemoteWebDriver.java:523)
	at org.openqa.selenium.remote.ElementLocation$ElementFinder$2.findElement(ElementLocation.java:165)
	at org.openqa.selenium.remote.ElementLocation.findElement(ElementLocation.java:59)
	at org.openqa.selenium.remote.RemoteWebDriver.findElement(RemoteWebDriver.java:360)
	at org.openqa.selenium.remote.RemoteWebDriver.findElement(RemoteWebDriver.java:354)
	at com.practicexmltestNGParameters.Parameters.RpmPatient.patientDemographis(RpmPatient.java:216)
	at java.base/java.util.ArrayList.forEach(ArrayList.java:1511)
... Removed 32 stack frames
</div> <!-- stack-trace -->
                </div> <!-- method-content -->
              </div> <!-- method -->
              <div class="method">
                <div class="method-content">
                  <a name="patientDocument">
                  </a> <!-- patientDocument -->
                  <span class="method-name">patientDocument</span>
                  <div class="stack-trace">org.openqa.selenium.NoSuchElementException: no such element: Unable to locate element: {&quot;method&quot;:&quot;xpath&quot;,&quot;selector&quot;:&quot;//vex-sidenav-item[@class=&apos;ng-tns-c309-27 ng-tns-c309-21 item-level-1 ng-star-inserted&apos;]&quot;}
  (Session info: chrome=123.0.6312.124)
For documentation on this error, please visit: https://www.selenium.dev/documentation/webdriver/troubleshooting/errors#no-such-element-exception
Build info: version: &apos;4.16.1&apos;, revision: &apos;9b4c83354e&apos;
System info: os.name: &apos;Windows 11&apos;, os.arch: &apos;amd64&apos;, os.version: &apos;10.0&apos;, java.version: &apos;17.0.10&apos;
Driver info: org.openqa.selenium.chrome.ChromeDriver
Command: [bb66491d02ab607b70725f9aa418a16f, findElement {using=xpath, value=//vex-sidenav-item[@class=&apos;ng-tns-c309-27 ng-tns-c309-21 item-level-1 ng-star-inserted&apos;]}]
Capabilities {acceptInsecureCerts: false, browserName: chrome, browserVersion: 123.0.6312.124, chrome: {chromedriverVersion: 123.0.6312.122 (31f8248cdd9..., userDataDir: C:\Users\Kavanant\AppData\L...}, fedcm:accounts: true, goog:chromeOptions: {debuggerAddress: localhost:59237}, networkConnectionEnabled: false, pageLoadStrategy: normal, platformName: windows, proxy: Proxy(), se:cdp: ws://localhost:59237/devtoo..., se:cdpVersion: 123.0.6312.124, setWindowRect: true, strictFileInteractability: false, timeouts: {implicit: 0, pageLoad: 300000, script: 30000}, unhandledPromptBehavior: dismiss and notify, webauthn:extension:credBlob: true, webauthn:extension:largeBlob: true, webauthn:extension:minPinLength: true, webauthn:extension:prf: true, webauthn:virtualAuthenticators: true}
Session ID: bb66491d02ab607b70725f9aa418a16f
	at org.openqa.selenium.remote.codec.w3c.W3CHttpResponseCodec.createException(W3CHttpResponseCodec.java:200)
	at org.openqa.selenium.remote.codec.w3c.W3CHttpResponseCodec.decode(W3CHttpResponseCodec.java:133)
	at org.openqa.selenium.remote.codec.w3c.W3CHttpResponseCodec.decode(W3CHttpResponseCodec.java:52)
	at org.openqa.selenium.remote.HttpCommandExecutor.execute(HttpCommandExecutor.java:191)
	at org.openqa.selenium.remote.service.DriverCommandExecutor.invokeExecute(DriverCommandExecutor.java:200)
	at org.openqa.selenium.remote.service.DriverCommandExecutor.execute(DriverCommandExecutor.java:175)
	at org.openqa.selenium.remote.RemoteWebDriver.execute(RemoteWebDriver.java:523)
	at org.openqa.selenium.remote.ElementLocation$ElementFinder$2.findElement(ElementLocation.java:165)
	at org.openqa.selenium.remote.ElementLocation.findElement(ElementLocation.java:59)
	at org.openqa.selenium.remote.RemoteWebDriver.findElement(RemoteWebDriver.java:360)
	at org.openqa.selenium.remote.RemoteWebDriver.findElement(RemoteWebDriver.java:354)
	at com.practicexmltestNGParameters.Parameters.RpmPatient.patientDocument(RpmPatient.java:313)
	at java.base/java.util.ArrayList.forEach(ArrayList.java:1511)
... Removed 32 stack frames
</div> <!-- stack-trace -->
                </div> <!-- method-content -->
              </div> <!-- method -->
              <div class="method">
                <div class="method-content">
                  <a name="patientInsurence">
                  </a> <!-- patientInsurence -->
                  <span class="method-name">patientInsurence</span>
                  <div class="stack-trace">org.openqa.selenium.NoSuchElementException: no such element: Unable to locate element: {&quot;method&quot;:&quot;xpath&quot;,&quot;selector&quot;:&quot;//a[@class=&apos;mat-ripple item ng-tns-c309-28 ng-star-inserted&apos;]&quot;}
  (Session info: chrome=123.0.6312.124)
For documentation on this error, please visit: https://www.selenium.dev/documentation/webdriver/troubleshooting/errors#no-such-element-exception
Build info: version: &apos;4.16.1&apos;, revision: &apos;9b4c83354e&apos;
System info: os.name: &apos;Windows 11&apos;, os.arch: &apos;amd64&apos;, os.version: &apos;10.0&apos;, java.version: &apos;17.0.10&apos;
Driver info: org.openqa.selenium.chrome.ChromeDriver
Command: [bb66491d02ab607b70725f9aa418a16f, findElement {using=xpath, value=//a[@class=&apos;mat-ripple item ng-tns-c309-28 ng-star-inserted&apos;]}]
Capabilities {acceptInsecureCerts: false, browserName: chrome, browserVersion: 123.0.6312.124, chrome: {chromedriverVersion: 123.0.6312.122 (31f8248cdd9..., userDataDir: C:\Users\Kavanant\AppData\L...}, fedcm:accounts: true, goog:chromeOptions: {debuggerAddress: localhost:59237}, networkConnectionEnabled: false, pageLoadStrategy: normal, platformName: windows, proxy: Proxy(), se:cdp: ws://localhost:59237/devtoo..., se:cdpVersion: 123.0.6312.124, setWindowRect: true, strictFileInteractability: false, timeouts: {implicit: 0, pageLoad: 300000, script: 30000}, unhandledPromptBehavior: dismiss and notify, webauthn:extension:credBlob: true, webauthn:extension:largeBlob: true, webauthn:extension:minPinLength: true, webauthn:extension:prf: true, webauthn:virtualAuthenticators: true}
Session ID: bb66491d02ab607b70725f9aa418a16f
	at org.openqa.selenium.remote.codec.w3c.W3CHttpResponseCodec.createException(W3CHttpResponseCodec.java:200)
	at org.openqa.selenium.remote.codec.w3c.W3CHttpResponseCodec.decode(W3CHttpResponseCodec.java:133)
	at org.openqa.selenium.remote.codec.w3c.W3CHttpResponseCodec.decode(W3CHttpResponseCodec.java:52)
	at org.openqa.selenium.remote.HttpCommandExecutor.execute(HttpCommandExecutor.java:191)
	at org.openqa.selenium.remote.service.DriverCommandExecutor.invokeExecute(DriverCommandExecutor.java:200)
	at org.openqa.selenium.remote.service.DriverCommandExecutor.execute(DriverCommandExecutor.java:175)
	at org.openqa.selenium.remote.RemoteWebDriver.execute(RemoteWebDriver.java:523)
	at org.openqa.selenium.remote.ElementLocation$ElementFinder$2.findElement(ElementLocation.java:165)
	at org.openqa.selenium.remote.ElementLocation.findElement(ElementLocation.java:59)
	at org.openqa.selenium.remote.RemoteWebDriver.findElement(RemoteWebDriver.java:360)
	at org.openqa.selenium.remote.RemoteWebDriver.findElement(RemoteWebDriver.java:354)
	at com.practicexmltestNGParameters.Parameters.RpmPatient.patientInsurence(RpmPatient.java:334)
	at java.base/java.util.ArrayList.forEach(ArrayList.java:1511)
... Removed 32 stack frames
</div> <!-- stack-trace -->
                </div> <!-- method-content -->
              </div> <!-- method -->
            </div> <!-- main-panel-content rounded-window-bottom -->
          </div> <!-- suite-RPM_LOGIN-class-failed -->
          <div class="suite-RPM_LOGIN-class-failed">
            <div class="main-panel-header rounded-window-top">
              <img src="failed.png"/>
              <span class="class-name">com.practicexmltestNGParameters.Parameters.RpmPatient</span>
            </div> <!-- main-panel-header rounded-window-top -->
            <div class="main-panel-content rounded-window-bottom">
              <div class="method">
                <div class="method-content">
                  <a name="loginedUserNameChech">
                  </a> <!-- loginedUserNameChech -->
                  <span class="method-name">loginedUserNameChech</span>
                  <div class="stack-trace">java.lang.AssertionError: The following asserts failed:
	login username and care maneger expected [Akshey] but found [Akshe]
	at com.practicexmltestNGParameters.Parameters.RpmPatient.loginedUserNameChech(RpmPatient.java:90)
	at java.base/java.util.ArrayList.forEach(ArrayList.java:1511)
... Removed 29 stack frames
</div> <!-- stack-trace -->
                </div> <!-- method-content -->
              </div> <!-- method -->
            </div> <!-- main-panel-content rounded-window-bottom -->
          </div> <!-- suite-RPM_LOGIN-class-failed -->
          <div class="suite-RPM_LOGIN-class-passed">
            <div class="main-panel-header rounded-window-top">
              <img src="passed.png"/>
              <span class="class-name">com.practicexmltestNGParameters.Parameters.RpmMaster</span>
            </div> <!-- main-panel-header rounded-window-top -->
            <div class="main-panel-content rounded-window-bottom">
              <div class="method">
                <div class="method-content">
                  <a name="lunchApp(https://devrpm.kavanant.com/)">
                  </a> <!-- lunchApp(https://devrpm.kavanant.com/) -->
                  <span class="method-name">lunchApp</span>
                  <span class="parameters">(https://devrpm.kavanant.com/)</span>
                </div> <!-- method-content -->
              </div> <!-- method -->
            </div> <!-- main-panel-content rounded-window-bottom -->
          </div> <!-- suite-RPM_LOGIN-class-passed -->
          <div class="suite-RPM_LOGIN-class-passed">
            <div class="main-panel-header rounded-window-top">
              <img src="passed.png"/>
              <span class="class-name">com.practicexmltestNGParameters.Parameters.RpmPatient</span>
            </div> <!-- main-panel-header rounded-window-top -->
            <div class="main-panel-content rounded-window-bottom">
              <div class="method">
                <div class="method-content">
                  <a name="enterUserDetails(akshay.d@kavanant.com, Sandeep@1234)">
                  </a> <!-- enterUserDetails(akshay.d@kavanant.com, Sandeep@1234) -->
                  <span class="method-name">enterUserDetails</span>
                  <span class="parameters">(akshay.d@kavanant.com,Sandeep@1234)</span>
                </div> <!-- method-content -->
              </div> <!-- method -->
              <div class="method">
                <div class="method-content">
                  <a name="lunchApp(https://devrpm.kavanant.com/)">
                  </a> <!-- lunchApp(https://devrpm.kavanant.com/) -->
                  <span class="method-name">lunchApp</span>
                  <span class="parameters">(https://devrpm.kavanant.com/)</span>
                </div> <!-- method-content -->
              </div> <!-- method -->
            </div> <!-- main-panel-content rounded-window-bottom -->
          </div> <!-- suite-RPM_LOGIN-class-passed -->
        </div> <!-- panel RPM_LOGIN -->
        <div panel-name="test-xml-RPM_LOGIN" class="panel">
          <div class="main-panel-header rounded-window-top">
            <span class="header-content">C:\Users\Kavanant\Automation testing\RPM\testng.xml</span>
          </div> <!-- main-panel-header rounded-window-top -->
          <div class="main-panel-content rounded-window-bottom">
            <pre>
&lt;?xml version=&quot;1.0&quot; encoding=&quot;UTF-8&quot;?&gt;
&lt;!DOCTYPE suite SYSTEM &quot;https://testng.org/testng-1.0.dtd&quot;&gt;
&lt;suite name=&quot;RPM LOGIN&quot; guice-stage=&quot;DEVELOPMENT&quot;&gt;
  &lt;parameter name=&quot;passWord&quot; value=&quot;Sandeep@1234&quot;/&gt;
  &lt;parameter name=&quot;browserName&quot; value=&quot;chrome&quot;/&gt;
  &lt;parameter name=&quot;userName&quot; value=&quot;akshay.d@kavanant.com&quot;/&gt;
  &lt;parameter name=&quot;url&quot; value=&quot;https://devrpm.kavanant.com/&quot;/&gt;
  &lt;test thread-count=&quot;5&quot; name=&quot;Patient&quot;&gt;
    &lt;classes&gt;
      &lt;class name=&quot;com.practicexmltestNGParameters.Parameters.RpmPatient&quot;&gt;
        &lt;methods&gt;
          &lt;include name=&quot;intileBrowser&quot;/&gt;
          &lt;include name=&quot;closeBrowser&quot;/&gt;
          &lt;include name=&quot;lunchApp&quot;/&gt;
          &lt;include name=&quot;enterUserDetails&quot;/&gt;
          &lt;include name=&quot;loginedUserNameChech&quot;/&gt;
        &lt;/methods&gt;
      &lt;/class&gt; &lt;!-- com.practicexmltestNGParameters.Parameters.RpmPatient --&gt;
    &lt;/classes&gt;
  &lt;/test&gt; &lt;!-- Patient --&gt;
  &lt;test thread-count=&quot;5&quot; name=&quot;Master&quot;&gt;
    &lt;classes&gt;
      &lt;class name=&quot;com.practicexmltestNGParameters.Parameters.RpmMaster&quot;/&gt;
    &lt;/classes&gt;
  &lt;/test&gt; &lt;!-- Master --&gt;
&lt;/suite&gt; &lt;!-- RPM LOGIN --&gt;
            </pre>
          </div> <!-- main-panel-content rounded-window-bottom -->
        </div> <!-- panel -->
        <div panel-name="testlist-RPM_LOGIN" class="panel">
          <div class="main-panel-header rounded-window-top">
            <span class="header-content">Tests for RPM LOGIN</span>
          </div> <!-- main-panel-header rounded-window-top -->
          <div class="main-panel-content rounded-window-bottom">
            <ul>
              <li>
                <span class="test-name">Patient (1 class)</span>
              </li>
              <li>
                <span class="test-name">Master (1 class)</span>
              </li>
            </ul>
          </div> <!-- main-panel-content rounded-window-bottom -->
        </div> <!-- panel -->
        <div panel-name="group-RPM_LOGIN" class="panel">
          <div class="main-panel-header rounded-window-top">
            <span class="header-content">Groups for RPM LOGIN</span>
          </div> <!-- main-panel-header rounded-window-top -->
          <div class="main-panel-content rounded-window-bottom">
          </div> <!-- main-panel-content rounded-window-bottom -->
        </div> <!-- panel -->
        <div panel-name="times-RPM_LOGIN" class="panel">
          <div class="main-panel-header rounded-window-top">
            <span class="header-content">Times for RPM LOGIN</span>
          </div> <!-- main-panel-header rounded-window-top -->
          <div class="main-panel-content rounded-window-bottom">
            <div class="times-div">
              <script type="text/javascript">
suiteTableInitFunctions.push('tableData_RPM_LOGIN');
function tableData_RPM_LOGIN() {
var data = new google.visualization.DataTable();
data.addColumn('number', 'Number');
data.addColumn('string', 'Method');
data.addColumn('string', 'Class');
data.addColumn('number', 'Time (ms)');
data.addRows(15);
data.setCell(0, 0, 0)
data.setCell(0, 1, 'lunchApp')
data.setCell(0, 2, 'com.practicexmltestNGParameters.Parameters.RpmPatient')
data.setCell(0, 3, 9483);
data.setCell(1, 0, 1)
data.setCell(1, 1, 'enterUserDetails')
data.setCell(1, 2, 'com.practicexmltestNGParameters.Parameters.RpmPatient')
data.setCell(1, 3, 9397);
data.setCell(2, 0, 2)
data.setCell(2, 1, 'enterUserDetails')
data.setCell(2, 2, 'com.practicexmltestNGParameters.Parameters.RpmMaster')
data.setCell(2, 3, 6090);
data.setCell(3, 0, 3)
data.setCell(3, 1, 'patSearch')
data.setCell(3, 2, 'com.practicexmltestNGParameters.Parameters.RpmMaster')
data.setCell(3, 3, 6071);
data.setCell(4, 0, 4)
data.setCell(4, 1, 'masterIcon')
data.setCell(4, 2, 'com.practicexmltestNGParameters.Parameters.RpmMaster')
data.setCell(4, 3, 6037);
data.setCell(5, 0, 5)
data.setCell(5, 1, 'addNewPatient')
data.setCell(5, 2, 'com.practicexmltestNGParameters.Parameters.RpmMaster')
data.setCell(5, 3, 5098);
data.setCell(6, 0, 6)
data.setCell(6, 1, 'createPatientEnrollment')
data.setCell(6, 2, 'com.practicexmltestNGParameters.Parameters.RpmMaster')
data.setCell(6, 3, 5053);
data.setCell(7, 0, 7)
data.setCell(7, 1, 'patientInsurence')
data.setCell(7, 2, 'com.practicexmltestNGParameters.Parameters.RpmMaster')
data.setCell(7, 3, 5029);
data.setCell(8, 0, 8)
data.setCell(8, 1, 'addCareTeamToPatient')
data.setCell(8, 2, 'com.practicexmltestNGParameters.Parameters.RpmMaster')
data.setCell(8, 3, 3041);
data.setCell(9, 0, 9)
data.setCell(9, 1, 'patientDemographis')
data.setCell(9, 2, 'com.practicexmltestNGParameters.Parameters.RpmMaster')
data.setCell(9, 3, 3032);
data.setCell(10, 0, 10)
data.setCell(10, 1, 'masterDOC')
data.setCell(10, 2, 'com.practicexmltestNGParameters.Parameters.RpmMaster')
data.setCell(10, 3, 3027);
data.setCell(11, 0, 11)
data.setCell(11, 1, 'patientDocument')
data.setCell(11, 2, 'com.practicexmltestNGParameters.Parameters.RpmMaster')
data.setCell(11, 3, 3020);
data.setCell(12, 0, 12)
data.setCell(12, 1, 'lunchApp')
data.setCell(12, 2, 'com.practicexmltestNGParameters.Parameters.RpmMaster')
data.setCell(12, 3, 2790);
data.setCell(13, 0, 13)
data.setCell(13, 1, 'loginedUserNameChech')
data.setCell(13, 2, 'com.practicexmltestNGParameters.Parameters.RpmPatient')
data.setCell(13, 3, 11);
data.setCell(14, 0, 14)
data.setCell(14, 1, 'loginedUserNameChech')
data.setCell(14, 2, 'com.practicexmltestNGParameters.Parameters.RpmMaster')
data.setCell(14, 3, 3);
window.suiteTableData['RPM_LOGIN']= { tableData: data, tableDiv: 'times-div-RPM_LOGIN'}
return data;
}
              </script>
              <span class="suite-total-time">Total running time: 1 minutes</span>
              <div id="times-div-RPM_LOGIN">
              </div> <!-- times-div-RPM_LOGIN -->
            </div> <!-- times-div -->
          </div> <!-- main-panel-content rounded-window-bottom -->
        </div> <!-- panel -->
        <div panel-name="reporter-RPM_LOGIN" class="panel">
          <div class="main-panel-header rounded-window-top">
            <span class="header-content">Reporter output for RPM LOGIN</span>
          </div> <!-- main-panel-header rounded-window-top -->
          <div class="main-panel-content rounded-window-bottom">
          </div> <!-- main-panel-content rounded-window-bottom -->
        </div> <!-- panel -->
        <div panel-name="ignored-methods-RPM_LOGIN" class="panel">
          <div class="main-panel-header rounded-window-top">
            <span class="header-content">7 ignored methods</span>
          </div> <!-- main-panel-header rounded-window-top -->
          <div class="main-panel-content rounded-window-bottom">
            <div class="ignored-class-div">
              <span class="ignored-class-name">com.practicexmltestNGParameters.Parameters.RpmPatient</span>
              <div class="ignored-methods-div">
                <span class="ignored-method-name">addNewPatient</span>
                <br/>
                <span class="ignored-method-name">patientDocument</span>
                <br/>
                <span class="ignored-method-name">addCareTeamToPatient</span>
                <br/>
                <span class="ignored-method-name">createPatientEnrollment</span>
                <br/>
                <span class="ignored-method-name">patSearch</span>
                <br/>
                <span class="ignored-method-name">patientDemographis</span>
                <br/>
                <span class="ignored-method-name">patientInsurence</span>
                <br/>
              </div> <!-- ignored-methods-div -->
            </div> <!-- ignored-class-div -->
          </div> <!-- main-panel-content rounded-window-bottom -->
        </div> <!-- panel -->
        <div panel-name="chronological-RPM_LOGIN" class="panel">
          <div class="main-panel-header rounded-window-top">
            <span class="header-content">Methods in chronological order</span>
          </div> <!-- main-panel-header rounded-window-top -->
          <div class="main-panel-content rounded-window-bottom">
            <div class="chronological-class">
              <div class="chronological-class-name">com.practicexmltestNGParameters.Parameters.RpmPatient</div> <!-- chronological-class-name -->
              <div class="configuration-test before">
                <span class="method-name">intileBrowser(chrome)</span>
                <span class="method-start">0 ms</span>
              </div> <!-- configuration-test before -->
              <div class="test-method">
                <span class="method-name">lunchApp(https://devrpm.kavanant.com/)</span>
                <span class="method-start">2842 ms</span>
              </div> <!-- test-method -->
              <div class="test-method">
                <span class="method-name">enterUserDetails(akshay.d@kavanant.com, Sandeep@1234)</span>
                <span class="method-start">12334 ms</span>
              </div> <!-- test-method -->
              <div class="test-method">
                <img src="failed.png">
                </img>
                <span class="method-name">loginedUserNameChech</span>
                <span class="method-start">21732 ms</span>
              </div> <!-- test-method -->
            </div> <!-- chronological-class -->
            <div class="chronological-class">
              <div class="chronological-class-name">com.practicexmltestNGParameters.Parameters.RpmMaster</div> <!-- chronological-class-name -->
              <div class="configuration-test before">
                <span class="method-name">intileBrowser(chrome)</span>
                <span class="method-start">21769 ms</span>
              </div> <!-- configuration-test before -->
              <div class="test-method">
                <img src="failed.png">
                </img>
                <span class="method-name">masterDOC</span>
                <span class="method-start">26923 ms</span>
              </div> <!-- test-method -->
              <div class="test-method">
                <img src="failed.png">
                </img>
                <span class="method-name">masterIcon</span>
                <span class="method-start">29954 ms</span>
              </div> <!-- test-method -->
              <div class="test-method">
                <img src="failed.png">
                </img>
                <span class="method-name">addCareTeamToPatient</span>
                <span class="method-start">35995 ms</span>
              </div> <!-- test-method -->
              <div class="test-method">
                <img src="failed.png">
                </img>
                <span class="method-name">addNewPatient</span>
                <span class="method-start">39041 ms</span>
              </div> <!-- test-method -->
              <div class="test-method">
                <img src="failed.png">
                </img>
                <span class="method-name">createPatientEnrollment</span>
                <span class="method-start">44146 ms</span>
              </div> <!-- test-method -->
              <div class="test-method">
                <img src="failed.png">
                </img>
                <span class="method-name">enterUserDetails(akshay.d@kavanant.com, Sandeep@1234)</span>
                <span class="method-start">49201 ms</span>
              </div> <!-- test-method -->
              <div class="test-method">
                <img src="failed.png">
                </img>
                <span class="method-name">loginedUserNameChech</span>
                <span class="method-start">55296 ms</span>
              </div> <!-- test-method -->
              <div class="test-method">
                <span class="method-name">lunchApp(https://devrpm.kavanant.com/)</span>
                <span class="method-start">55306 ms</span>
              </div> <!-- test-method -->
              <div class="test-method">
                <img src="failed.png">
                </img>
                <span class="method-name">patSearch</span>
                <span class="method-start">58097 ms</span>
              </div> <!-- test-method -->
              <div class="test-method">
                <img src="failed.png">
                </img>
                <span class="method-name">patientDemographis</span>
                <span class="method-start">64176 ms</span>
              </div> <!-- test-method -->
              <div class="test-method">
                <img src="failed.png">
                </img>
                <span class="method-name">patientDocument</span>
                <span class="method-start">67211 ms</span>
              </div> <!-- test-method -->
              <div class="test-method">
                <img src="failed.png">
                </img>
                <span class="method-name">patientInsurence</span>
                <span class="method-start">70233 ms</span>
              </div> <!-- test-method -->
          </div> <!-- main-panel-content rounded-window-bottom -->
        </div> <!-- panel -->
      </div> <!-- main-panel-root -->
    </div> <!-- wrapper -->
  </body>
<script type="text/javascript" src="testng-reports2.js"></script>
</html>
